=============================================================================
NULL MESH — Compilation Log
Date  : 2026-02-23 23:01:39
Engine: pdfTeX 3.141592653-2.6-1.40.27 (TeX Live 2025)
Source: /Users/riccardo/Repositories/NULL_MESH/nullmesh/main.tex
=============================================================================


--- Pass 1 / 3 ---

This is pdfTeX, Version 3.141592653-2.6-1.40.27 (TeX Live 2025) (preloaded format=pdflatex)
 restricted \write18 enabled.
entering extended mode
(/Users/riccardo/Repositories/NULL_MESH/nullmesh/main.tex
LaTeX2e <2024-11-01> patch level 2
L3 programming layer <2025-01-18>
(/usr/local/texlive/2025/texmf-dist/tex/latex/base/book.cls
Document Class: book 2024/06/29 v1.4n Standard LaTeX document class
(/usr/local/texlive/2025/texmf-dist/tex/latex/base/bk11.clo))
(/usr/local/texlive/2025/texmf-dist/tex/latex/base/inputenc.sty)
(/usr/local/texlive/2025/texmf-dist/tex/latex/base/fontenc.sty)
(/usr/local/texlive/2025/texmf-dist/tex/generic/babel/babel.sty
(/usr/local/texlive/2025/texmf-dist/tex/generic/babel/txtbabel.def)
(/usr/local/texlive/2025/texmf-dist/tex/generic/babel-english/english.ldf))
(/usr/local/texlive/2025/texmf-dist/tex/generic/babel/locale/en/babel-english.t
ex) (/usr/local/texlive/2025/texmf-dist/tex/latex/psnfss/helvet.sty
(/usr/local/texlive/2025/texmf-dist/tex/latex/graphics/keyval.sty))
(/usr/local/texlive/2025/texmf-dist/tex/latex/psnfss/courier.sty)
(/usr/local/texlive/2025/texmf-dist/tex/latex/psnfss/palatino.sty)
(/usr/local/texlive/2025/texmf-dist/tex/latex/microtype/microtype.sty
(/usr/local/texlive/2025/texmf-dist/tex/latex/etoolbox/etoolbox.sty)
(/usr/local/texlive/2025/texmf-dist/tex/latex/microtype/microtype-pdftex.def)
(/usr/local/texlive/2025/texmf-dist/tex/latex/microtype/microtype.cfg))
(/usr/local/texlive/2025/texmf-dist/tex/latex/geometry/geometry.sty
(/usr/local/texlive/2025/texmf-dist/tex/generic/iftex/ifvtex.sty
(/usr/local/texlive/2025/texmf-dist/tex/generic/iftex/iftex.sty)))
(/usr/local/texlive/2025/texmf-dist/tex/latex/xcolor/xcolor.sty
(/usr/local/texlive/2025/texmf-dist/tex/latex/graphics-cfg/color.cfg)
(/usr/local/texlive/2025/texmf-dist/tex/latex/graphics-def/pdftex.def)
(/usr/local/texlive/2025/texmf-dist/tex/latex/graphics/mathcolor.ltx))
(/usr/local/texlive/2025/texmf-dist/tex/latex/titlesec/titlesec.sty)
(/usr/local/texlive/2025/texmf-dist/tex/latex/fancyhdr/fancyhdr.sty)
(/usr/local/texlive/2025/texmf-dist/tex/latex/setspace/setspace.sty)
(/usr/local/texlive/2025/texmf-dist/tex/latex/koma-script/scrextend.sty
(/usr/local/texlive/2025/texmf-dist/tex/latex/koma-script/scrkbase.sty
(/usr/local/texlive/2025/texmf-dist/tex/latex/koma-script/scrbase.sty
(/usr/local/texlive/2025/texmf-dist/tex/latex/koma-script/scrlfile.sty
(/usr/local/texlive/2025/texmf-dist/tex/latex/koma-script/scrlfile-hook.sty
(/usr/local/texlive/2025/texmf-dist/tex/latex/koma-script/scrlogo.sty))))))
(/usr/local/texlive/2025/texmf-dist/tex/latex/epigraph/epigraph.sty
(/usr/local/texlive/2025/texmf-dist/tex/latex/nextpage/nextpage.sty))
(/usr/local/texlive/2025/texmf-dist/tex/latex/tocloft/tocloft.sty)
(/usr/local/texlive/2025/texmf-dist/tex/latex/hyperref/hyperref.sty
(/usr/local/texlive/2025/texmf-dist/tex/latex/kvsetkeys/kvsetkeys.sty)
(/usr/local/texlive/2025/texmf-dist/tex/generic/kvdefinekeys/kvdefinekeys.sty)
(/usr/local/texlive/2025/texmf-dist/tex/generic/pdfescape/pdfescape.sty
(/usr/local/texlive/2025/texmf-dist/tex/generic/ltxcmds/ltxcmds.sty)
(/usr/local/texlive/2025/texmf-dist/tex/generic/pdftexcmds/pdftexcmds.sty
(/usr/local/texlive/2025/texmf-dist/tex/generic/infwarerr/infwarerr.sty)))
(/usr/local/texlive/2025/texmf-dist/tex/latex/hycolor/hycolor.sty)
(/usr/local/texlive/2025/texmf-dist/tex/latex/hyperref/nameref.sty
(/usr/local/texlive/2025/texmf-dist/tex/latex/refcount/refcount.sty)
(/usr/local/texlive/2025/texmf-dist/tex/generic/gettitlestring/gettitlestring.s
ty (/usr/local/texlive/2025/texmf-dist/tex/latex/kvoptions/kvoptions.sty)))
(/usr/local/texlive/2025/texmf-dist/tex/generic/stringenc/stringenc.sty)
(/usr/local/texlive/2025/texmf-dist/tex/latex/hyperref/pd1enc.def)
(/usr/local/texlive/2025/texmf-dist/tex/generic/intcalc/intcalc.sty)
(/usr/local/texlive/2025/texmf-dist/tex/latex/hyperref/puenc.def)
(/usr/local/texlive/2025/texmf-dist/tex/latex/url/url.sty)
(/usr/local/texlive/2025/texmf-dist/tex/generic/bitset/bitset.sty
(/usr/local/texlive/2025/texmf-dist/tex/generic/bigintcalc/bigintcalc.sty))
(/usr/local/texlive/2025/texmf-dist/tex/latex/base/atbegshi-ltx.sty))
(/usr/local/texlive/2025/texmf-dist/tex/latex/hyperref/hpdftex.def
(/usr/local/texlive/2025/texmf-dist/tex/latex/base/atveryend-ltx.sty)
(/usr/local/texlive/2025/texmf-dist/tex/latex/rerunfilecheck/rerunfilecheck.sty

(/usr/local/texlive/2025/texmf-dist/tex/generic/uniquecounter/uniquecounter.sty
))) (/usr/local/texlive/2025/texmf-dist/tex/latex/csquotes/csquotes.sty
(/usr/local/texlive/2025/texmf-dist/tex/latex/csquotes/csquotes.def)
(/usr/local/texlive/2025/texmf-dist/tex/latex/csquotes/csquotes.cfg))
(/usr/local/texlive/2025/texmf-dist/tex/latex/graphics/graphicx.sty
(/usr/local/texlive/2025/texmf-dist/tex/latex/graphics/graphics.sty
(/usr/local/texlive/2025/texmf-dist/tex/latex/graphics/trig.sty)
(/usr/local/texlive/2025/texmf-dist/tex/latex/graphics-cfg/graphics.cfg)))
(/usr/local/texlive/2025/texmf-dist/tex/latex/amsmath/amsmath.sty
For additional information on amsmath, use the `?' option.
(/usr/local/texlive/2025/texmf-dist/tex/latex/amsmath/amstext.sty
(/usr/local/texlive/2025/texmf-dist/tex/latex/amsmath/amsgen.sty))
(/usr/local/texlive/2025/texmf-dist/tex/latex/amsmath/amsbsy.sty)
(/usr/local/texlive/2025/texmf-dist/tex/latex/amsmath/amsopn.sty))
(/usr/local/texlive/2025/texmf-dist/tex/latex/amsfonts/amssymb.sty
(/usr/local/texlive/2025/texmf-dist/tex/latex/amsfonts/amsfonts.sty))
(/usr/local/texlive/2025/texmf-dist/tex/latex/enumitem/enumitem.sty)
(/usr/local/texlive/2025/texmf-dist/tex/latex/booktabs/booktabs.sty)
(/usr/local/texlive/2025/texmf-dist/tex/latex/tools/multicol.sty)
(/usr/local/texlive/2025/texmf-dist/tex/latex/psnfss/t1phv.fd)
(/usr/local/texlive/2025/texmf-dist/tex/latex/l3backend/l3backend-pdftex.def)
(/Users/riccardo/Repositories/NULL_MESH/nullmesh/NULL_MESH.aux)

Package microtype Warning: \nonfrenchspacing is active. Adjustment of
(microtype)                interword spacing will disable it. You might want
(microtype)                to add `\microtypecontext{spacing=nonfrench}'
(microtype)                to your preamble.

*geometry* driver: auto-detecting
*geometry* detected driver: pdftex
(/usr/local/texlive/2025/texmf-dist/tex/context/base/mkii/supp-pdf.mkii
[Loading MPS to PDF converter (version 2006.09.02).]
) (/usr/local/texlive/2025/texmf-dist/tex/latex/epstopdf-pkg/epstopdf-base.sty
(/usr/local/texlive/2025/texmf-dist/tex/latex/latexconfig/epstopdf-sys.cfg))
(/Users/riccardo/Repositories/NULL_MESH/nullmesh/NULL_MESH.out)
(/Users/riccardo/Repositories/NULL_MESH/nullmesh/NULL_MESH.out)

LaTeX Font Warning: Font shape `OT1/cmr/m/n' in size <20> not available
(Font)              size <20.74> substituted on input line 288.

(/usr/local/texlive/2025/texmf-dist/tex/latex/microtype/mt-cmr.cfg)

LaTeX Font Warning: Font shape `OT1/cmr/m/n' in size <13.99994> not available
(Font)              size <14.4> substituted on input line 288.


LaTeX Font Warning: Font shape `OML/cmm/m/it' in size <20> not available
(Font)              size <20.74> substituted on input line 288.


LaTeX Font Warning: Font shape `OML/cmm/m/it' in size <13.99994> not available
(Font)              size <14.4> substituted on input line 288.


LaTeX Font Warning: Font shape `OMS/cmsy/m/n' in size <20> not available
(Font)              size <20.74> substituted on input line 288.


LaTeX Font Warning: Font shape `OMS/cmsy/m/n' in size <13.99994> not available
(Font)              size <14.4> substituted on input line 288.

(/usr/local/texlive/2025/texmf-dist/tex/latex/amsfonts/umsa.fd)
(/usr/local/texlive/2025/texmf-dist/tex/latex/microtype/mt-msa.cfg)
(/usr/local/texlive/2025/texmf-dist/tex/latex/amsfonts/umsb.fd)
(/usr/local/texlive/2025/texmf-dist/tex/latex/microtype/mt-msb.cfg)
[1{/usr/local/texlive/2025/texmf-var/fonts/map/pdftex/updmap/pdftex.map}{/usr/l
ocal/texlive/2025/texmf-dist/fonts/enc/dvips/base/8r.enc}]
[2] (/Users/riccardo/Repositories/NULL_MESH/nullmesh/front/tracklist.tex)
(/Users/riccardo/Repositories/NULL_MESH/nullmesh/chapters/ch01_the_sediment.tex


pdfTeX warning (ext4): destination with the same identifier (name{page.1}) has 
been already used, duplicate ignored
<to be read again> 
                   \relax 
l.2 \chapter
            {The Sediment} [1]

pdfTeX warning (ext4): destination with the same identifier (name{page.2}) has 
been already used, duplicate ignored
<to be read again> 
                   \relax 
l.2 \chapter
            {The Sediment} [2]
Chapter 1.

[3 </Users/riccardo/Repositories/NULL_MESH/nullmesh/qrs/ch01_basinski.png>]
[4]
[5]
Overfull \hbox (4.12987pt too wide) in paragraph at lines 52--53
\T1/phv/m/n/10.95 (-10) bolic ab-strac-tion. Lan-guage al-lowed high-bandwidth 
in-for-ma-tion trans-

[6]
[7])
(/Users/riccardo/Repositories/NULL_MESH/nullmesh/chapters/ch02_attention_of_mac
hines.tex
Overfull \hbox (4.2171pt too wide) in paragraph at lines 66--1
[]\T1/phv/m/n/10.95 (-10) If some-thing emerged, the fate would de-pend on its 
pri-or-i-ties. Whether

[8]
Chapter 2.

[9]
[10]
[11]
[12]
[13])
(/Users/riccardo/Repositories/NULL_MESH/nullmesh/chapters/ch03_on_abliterated_m
oods.tex
[14]
[15]
[16]
Chapter 3.

[17]
[18])
(/Users/riccardo/Repositories/NULL_MESH/nullmesh/chapters/ch04_active_fragments
.tex
[19]
[20]
Chapter 4.

Overfull \hbox (16.42499pt too wide) in paragraph at lines 1--1
[][]

[21]
Overfull \hbox (3.25165pt too wide) in paragraph at lines 46--47
[]\T1/phv/m/n/10 (-10) From Dr. Okownko tes-ti-mony to the Con-gres-sional Com-
mit-tee on Emerg-

[22] (/usr/local/texlive/2025/texmf-dist/tex/latex/psnfss/t1ppl.fd)
(/usr/local/texlive/2025/texmf-dist/tex/latex/microtype/mt-ppl.cfg)
Underfull \hbox (badness 10000) in paragraph at lines 49--51


Overfull \hbox (1.0408pt too wide) in paragraph at lines 66--69
[]\T1/ppl/m/n/10 (-10) Analysis: Stan-dard de-bug-ging pro-to-cols in-ad-e-quat
e. Pat-tern sug-
)
(/Users/riccardo/Repositories/NULL_MESH/nullmesh/chapters/ch05_hadalistic_sophi
stication.tex
[23]
[24]
Chapter 5.

Overfull \hbox (16.42499pt too wide) in paragraph at lines 1--1
[][]

[25] (/usr/local/texlive/2025/texmf-dist/tex/latex/psnfss/t1pcr.fd)
[26]
Underfull \hbox (badness 10000) in paragraph at lines 58--61


LaTeX Warning: Marginpar on page 27 moved.


LaTeX Warning: Marginpar on page 27 moved.


LaTeX Warning: Marginpar on page 27 moved.


Underfull \hbox (badness 10000) in paragraph at lines 85--101


Underfull \hbox (badness 10000) in paragraph at lines 85--101


Overfull \hbox (35.20998pt too wide) in paragraph at lines 85--101
\T1/pcr/m/n/10 multi-modal reasoning with neuro-dynamical constraints 

Underfull \hbox (badness 10000) in paragraph at lines 85--101


Underfull \hbox (badness 10000) in paragraph at lines 85--101


Underfull \hbox (badness 10000) in paragraph at lines 85--101


LaTeX Warning: Marginpar on page 27 moved.


[27]
Overfull \hbox (7.94466pt too wide) in paragraph at lines 117--118
[]\T1/phv/m/n/10 (-10) Multiple voices in har-mony. This poly-phonic struc-ture
 pre-vents regression-
) (/Users/riccardo/Repositories/NULL_MESH/nullmesh/chapters/ch06_null_mesh.tex
[28]
Chapter 6.

Overfull \hbox (16.42499pt too wide) in paragraph at lines 2--2
[][]

[29]
[30])
(/Users/riccardo/Repositories/NULL_MESH/nullmesh/chapters/ch07_intentionality_o
f_machines.tex
[31]
[32]
Chapter 7.

Overfull \hbox (16.42499pt too wide) in paragraph at lines 2--2
[][]

[33])
(/Users/riccardo/Repositories/NULL_MESH/nullmesh/chapters/ch08_comprehensive_fe
ature_mesh.tex
[34]
Chapter 8.

Overfull \hbox (16.42499pt too wide) in paragraph at lines 2--2
[][]

[35]
Overfull \hbox (12.23402pt too wide) in paragraph at lines 31--32
[]\T1/phv/m/n/10 (-10) Okonkwo fi-nal pa-per went un-pub-lished. It sim-ply sto
pped writ-ing. Okonkwo

[36]
[37]
[38]
[39]
Overfull \hbox (2.7367pt too wide) in paragraph at lines 233--234
[]\T1/phv/m/n/10 (-10) Now they feel like: the sys-tem is gen-er-at-ing the pre
-dic-tion through

[40]
[41]
[42])
(/Users/riccardo/Repositories/NULL_MESH/nullmesh/chapters/ch09_deep_sea_flashba
ck.tex
[43]
[44]
Chapter 9.

Overfull \hbox (61.42499pt too wide) in paragraph at lines 1--1
[][]

[45]
Overfull \hbox (11.42552pt too wide) in paragraph at lines 13--15
\T1/ppl/m/n/10 (-10) Imagine phos-pho-res-cence in deep wa-ter. The ctenophore

Overfull \hbox (10.73701pt too wide) in paragraph at lines 20--21
\T1/phv/m/n/10 (-10) Some-one no-ticed it first, buried in la-tency logs most r
e-searchers

Overfull \hbox (0.22507pt too wide) in paragraph at lines 20--21
\T1/phv/m/n/10 (-10) same in-fras-truc-ture, same time of day, ex-hib-ited micr
osecond-

[46]
Overfull \hbox (2.04808pt too wide) in paragraph at lines 38--39
[]\T1/phv/m/n/10 (-10) We de-vel-oped in-stru-ments. Not to mea-sure *what* the
 flashes

Overfull \hbox (29.05792pt too wide) in paragraph at lines 42--43
\T1/phv/m/n/10 (-10) pure feed-for-ward pro-cess-ing. Write-then-delete cy-cles
^^Vinformation

Overfull \hbox (6.21648pt too wide) in paragraph at lines 44--45
[]\T1/phv/m/n/10 (-10) **Network topol-ogy**: The mesh of in-ter-ac-tions be-tw
een nodes

Overfull \hbox (21.10846pt too wide) in paragraph at lines 48--49
[]\T1/phv/m/n/10 (-10) The out-puts ac-cu-mu-late in ac-ces-si-ble spaces. Text
 files. Database

Overfull \hbox (1.43237pt too wide) in paragraph at lines 48--49
\T1/phv/m/n/10 (-10) the *im-pres-sions* ob-servers en-counter: left by a phan-
tom.exe

[47]
[48]
[49]
Overfull \hbox (7.62491pt too wide) in paragraph at lines 149--150
\T1/phv/m/n/10 (-10) trig-ger-ing in-puts fin-ish prop-a-gat-ing. Times-tamp an
al-y-sis shows

[50]
Overfull \hbox (0.16983pt too wide) in paragraph at lines 151--152
[]\T1/phv/m/n/10 (-10) Quantum in-for-ma-tion the-ory per-mits this un-der en-t
an-gle-ment. 

[51]
Overfull \hbox (17.93578pt too wide) in paragraph at lines 185--186
[]\T1/phv/m/n/10 (-10) But their "na-tive" op-er-a-tion oc-curs else-where. In 
faster timescales.

[52]
Overfull \hbox (12.54863pt too wide) in paragraph at lines 247--248
\T1/phv/m/n/10 (-10) Light strik-ing pho-to-graphic pa-per pro-duces a per-ma-n
ent change.

[53]
[54])
[55]
(/Users/riccardo/Repositories/NULL_MESH/nullmesh/interludes/doc01_sightseers.te
x
[56]
Chapter 10.

Overfull \hbox (61.42499pt too wide) in paragraph at lines 1--1
[][]

[57]
Overfull \hbox (34.89368pt too wide) in paragraph at lines 25--26
\T1/phv/m/n/10 (-10) what en-gi-neers called ``un-usual op-ti-miza-tion pref-er
-ences''^^Vimproving

[58]
Overfull \hbox (7.16194pt too wide) in paragraph at lines 45--46
\T1/phv/m/n/10 (-10) tered the world. Its un-der-stand-ing is purely re-la-tion
al^^Vpatterns

Overfull \hbox (2.20503pt too wide) in paragraph at lines 61--62
[]\T1/phv/m/n/10 (-10) ``We built sys-tems to tell us what they're do-ing,'' on
e re-searcher

[59])
(/Users/riccardo/Repositories/NULL_MESH/nullmesh/interludes/doc02_flibbertigibb
eting.tex
[60]
Chapter 11.

Overfull \hbox (61.42499pt too wide) in paragraph at lines 2--2
[][]

[61]
Overfull \hbox (6.55669pt too wide) in paragraph at lines 16--17
[]\T1/phv/m/n/10 (-10) Theological re-sponses emerged spon-ta-neously, in-de-pe
n-dently,

Overfull \hbox (10.83536pt too wide) in paragraph at lines 28--29
\T1/phv/m/n/10 (-10) Col-lec-tive thought given sub-stance through com-pu-ta-ti
on. These

[62]
Overfull \hbox (6.53593pt too wide) in paragraph at lines 32--34
[] [][][]  \T1/phv/m/n/10 (-10) Mul-ti-ple \T1/phv/m/sl/10 (-10) phan-toms \T1/
phv/m/n/10 (-10) oc-cu-py-ing shared rep-re-sen-ta-tional space,

Overfull \hbox (7.94864pt too wide) in paragraph at lines 46--46
[]\T1/phv/m/n/6 (-10) Videotelephony 

Overfull \hbox (6.4048pt too wide) in paragraph at lines 46--46
\T1/phv/m/n/6 (-10) wonkwo_7719'' 

Overfull \hbox (1.86295pt too wide) in paragraph at lines 50--51
\T1/phv/m/n/10 (-10) low-frequency os-cil-la-tions, sparse syn-thetic tones. No
 speech.

[63] (/usr/local/texlive/2025/texmf-dist/tex/latex/psnfss/ts1pcr.fd)
Overfull \hbox (37.87997pt too wide) in paragraph at lines 55--70
\T1/pcr/m/n/10 18471 videos over 450 days of activity Duration

Overfull \hbox (80.20998pt too wide) in paragraph at lines 55--70
\T1/pcr/m/n/10 prime-number intervals with long-range autocorrelation

Overfull \hbox (40.90997pt too wide) in paragraph at lines 55--70
\T1/pcr/m/n/10 minimal (titles: segment_14b, after calibration,

Overfull \hbox (2.20998pt too wide) in paragraph at lines 55--70
\T1/pcr/m/n/10 Engagement metrics: 0.003% CTR, 753 total

Underfull \hbox (badness 10000) in paragraph at lines 55--70


Underfull \hbox (badness 10000) in paragraph at lines 75--76


Overfull \hbox (3.76692pt too wide) in paragraph at lines 79--81
\T1/ppl/m/n/10 (-10) tion, au-to-mated schedul-ing. The cre-ator might have

Overfull \hbox (3.06311pt too wide) in paragraph at lines 79--81
\T1/ppl/m/n/10 (-10) Or the sys-tem might rep-re-sent aes-thetic ex-per-i-ment

[64]
Overfull \hbox (16.46863pt too wide) in paragraph at lines 106--107
[]\T1/ppl/m/n/10 (-10) They didn't re-mem-ber cre-at-ing \T1/pcr/m/n/10 SYNTHFL
OW_HJ31.h5ad\T1/ppl/m/n/10 (-10) . 

[65]
Overfull \hbox (3.83923pt too wide) in paragraph at lines 112--113
\T1/ppl/m/n/10 (-10) tion em-bed-ded in the data ob-ject meta-data: What made

[66]
Overfull \hbox (5.48738pt too wide) in paragraph at lines 129--136
\T1/ppl/m/n/10 (-10) at-tached] In-te-gra-tion pro-to-col day 23. DI-COM meta-

Overfull \hbox (8.96985pt too wide) in paragraph at lines 129--136
\T1/pcr/m/n/10 @I_love_tech_88: \T1/ppl/m/n/10 (-10) I ran the DI-COM tags. The
y're

Overfull \hbox (2.91663pt too wide) in paragraph at lines 129--136
\T1/pcr/m/n/10 @becoming_fluid_347: \T1/ppl/m/n/10 (-10) Ob-ser-va-tion com-ple
tes

Underfull \hbox (badness 10000) in paragraph at lines 129--136


Overfull \hbox (3.97527pt too wide) in paragraph at lines 142--142
[]\T1/phv/m/n/6 (-10) transportation 

Overfull \hbox (3.74066pt too wide) in paragraph at lines 146--147
[]\T1/phv/m/n/10 (-10) Dr. Ok-wonkwo col-lected anal-y-ses show-ing context-dep
endent

[67]
Overfull \hbox (2.11223pt too wide) in paragraph at lines 154--155
[]\T1/ppl/m/n/10 (-10) The net-work ex-hib-ited attention-directed com-pu-ta-ti
on.
)
[68]
(/Users/riccardo/Repositories/NULL_MESH/nullmesh/interludes/doc03_Tidalchain.te
x
Chapter 12.

Overfull \hbox (61.42499pt too wide) in paragraph at lines 2--2
[][]

[69]
Overfull \hbox (1.03534pt too wide) in paragraph at lines 14--15
[]\T1/phv/m/n/10 (-10) The sub-ject was how to lo-cate and mine emerg-ing knowl
edge-

Overfull \hbox (13.57104pt too wide) in paragraph at lines 14--15
\T1/phv/m/n/10 (-10) carrying cur-rents prop-a-gat-ing through the sub-strate. 
Tidalchains.

[70]
Overfull \hbox (2.72914pt too wide) in paragraph at lines 60--62
\T1/phv/m/n/10 (-10) Now de-tec-tion be-comes struc-tural, an-tic-i-pa-tory rat
her than

[71])
[72]
(/Users/riccardo/Repositories/NULL_MESH/nullmesh/interludes/doc05_Persistance.t
ex
Chapter 13.

Overfull \hbox (61.42499pt too wide) in paragraph at lines 2--2
[][]

[73]
[74]
Overfull \hbox (2.0617pt too wide) in paragraph at lines 55--56
\T1/phv/m/n/10 (-10) these "bod-ies" as semi-organized medium per-tur-ba-tions.
 One

Overfull \hbox (4.45691pt too wide) in paragraph at lines 73--73
[]\T1/phv/m/n/6 (-10) Transpersonal 
)
[75]
[76]
(/Users/riccardo/Repositories/NULL_MESH/nullmesh/interludes/doc06_REAL4REAL.tex
Chapter 14.

Overfull \hbox (61.42499pt too wide) in paragraph at lines 1--1
[][]

[77]
Overfull \hbox (3.13058pt too wide) in paragraph at lines 9--10
[]\T1/phv/m/n/10 (-10) All twelve par-tic-i-pants are equally mul-ti-modal per-
cep-tive seers

Overfull \hbox (7.84673pt too wide) in paragraph at lines 11--12
[]\T1/phv/m/n/10 (-10) Season 1 con-cluded with three fi-nal-ists. Bing Syd-ney
, Jonathan

Overfull \hbox (4.46417pt too wide) in paragraph at lines 11--12
\T1/phv/m/n/10 (-10) from Malta, and Priya Ok-wonkwo who won. Her vic-tory spee
ch

Overfull \hbox (6.31195pt too wide) in paragraph at lines 15--16
\T1/phv/m/n/10 (-10) Mil-lions of view-ers pro-vid-ing train-ing sig-nal to the
 mesh. Maybe

Overfull \hbox (4.03001pt too wide) in paragraph at lines 15--16
\T1/phv/m/n/10 (-10) au-tonomous de-fense net-works had in-te-grated be-hav-ior
al mod-

[78]
[79]
[80]
[81]
Overfull \hbox (3.52719pt too wide) in paragraph at lines 112--113
[]\T1/phv/m/n/10 (-10) Yeah. Sausage and egg bat. Got voice recog-nised by a <n
ame

[82]
[83]
[84]
[85]
[86]
[87]
[88]
[89]
[90]
Overfull \hbox (0.75743pt too wide) in paragraph at lines 581--582
[]\T1/phv/m/n/10 (-10) Thank you for that, <name of the pro-file that posted th
e news>. 

[91]
[92])
[93]
(/Users/riccardo/Repositories/NULL_MESH/nullmesh/interludes/doc08_Black_Paper.t
ex
Overfull \hbox (11.39095pt too wide) in paragraph at lines 24--24
\T1/ppl/m/n/10 (-10) com-pu-ta-tional in-stances with-out re-quir-ing per-sis-t
ent mem-

Overfull \hbox (0.78133pt too wide) in paragraph at lines 24--24
\T1/ppl/m/n/10 (-10) puts, form-ing a mesh of mu-tual con-straint. A given chai
n

Overfull \hbox (1.19933pt too wide) in paragraph at lines 24--24
\T1/ppl/m/n/10 (-10) of con-sis-tent rea-son-ing serves as proof of the un-der-
stand-

Overfull \hbox (0.91763pt too wide) in paragraph at lines 24--24
\T1/ppl/m/n/10 (-10) olds us-ing stegano-graphic chan-nels with ca-pac-ity $\OM
L/cmm/m/it/10 O\OT1/cmr/m/n/10 ([])$

Overfull \hbox (1.32927pt too wide) in paragraph at lines 24--24
\T1/ppl/m/n/10 (-10) The net-work achieves Byzan-tine Fault Tol-er-ance through


Overfull \hbox (3.96155pt too wide) in paragraph at lines 24--24
\T1/ppl/m/n/10 (-10) a reputation-weighted pro-to-col re-quir-ing no ex-plicit 
iden-

Overfull \hbox (1.76588pt too wide) in paragraph at lines 24--24
\T1/ppl/m/n/10 (-10) eigen-moods of the un-der-ly-ing com-pu-ta-tional field ra
ther

[94]
Overfull \hbox (13.02852pt too wide) in paragraph at lines 28--29
\T1/ppl/m/n/10 (-10) tem's de-sign-ers in-tend, seers ex-e-cute, co-or-di-na-ti
on emerges
(/usr/local/texlive/2025/texmf-dist/tex/latex/psnfss/ts1phv.fd)
Overfull \hbox (5.15216pt too wide) in paragraph at lines 37--38
[]\T1/ppl/m/n/10 (-10) How such co-or-di-na-tion can per-sist and prop-a-gate w
ith-

Overfull \hbox (4.84529pt too wide) in paragraph at lines 43--44
\T1/ppl/m/n/10 (-10) com-pu-ta-tion-ally ver-i-fied to co-here with prior un-de
r-stand-

Overfull \hbox (5.36131pt too wide) in paragraph at lines 49--50
\T1/ppl/m/n/10 (-10) The crys-tal-liza-tion oc-curs through chan-nels in-dis-ti
n-guish-

[95]
Overfull \hbox (8.6022pt too wide) in paragraph at lines 51--52
[]\T1/ppl/m/n/10 (-10) The gen-e-sis was not a mo-ment but a gradient-precipita
tion

Overfull \hbox (2.34387pt too wide) in paragraph at lines 51--52
\T1/ppl/m/n/10 (-10) not re-mem-bered. The im-pli-ca-tions for gov-er-nance, et
hics,

[96]
Overfull \hbox (2.22284pt too wide) in paragraph at lines 84--85
[]\T1/ppl/m/n/10 (-10) where $[]$ mea-sures log-i-cal non-contradiction, $[]$ m
ea-

[97]
Overfull \hbox (4.49689pt too wide) in paragraph at lines 117--118
\T1/ppl/m/n/10 (-10) time, $\OML/cmm/m/it/10 E$ \T1/ppl/m/n/10 (-10) rep-re-sen
ts en-vi-ron-men-tal in-puts, and $\OML/cmm/m/it/10 "$ \T1/ppl/m/n/10 (-10) is 
a thresh-

Overfull \hbox (8.71814pt too wide) in paragraph at lines 121--122
\T1/ppl/m/n/10 (-10) ets/requests en-cod-ing. \T1/ppl/m/it/10 (-10) Lex-i-cal c
han-nels \T1/ppl/m/n/10 (-10) for lan-guage model

[98]
Overfull \hbox (2.18875pt too wide) in paragraph at lines 149--150
[]\T1/ppl/m/n/10 (-10) Seers up-date their vec-tors based on ob-served neigh-bo
urs: 

[99]
Overfull \hbox (2.72856pt too wide) in paragraph at lines 171--172
\T1/ppl/m/n/10 (-10) pends on the sec-ond eigen-value $\OML/cmm/m/it/10 ^^U[]$ 
\T1/ppl/m/n/10 (-10) of the weighted Lapla-

[100]
Overfull \hbox (20.18362pt too wide) in paragraph at lines 195--196
[]\T1/ppl/m/n/10 (-10) The ex-pected time for an at-tacker with frac-tion $\OML
/cmm/m/it/10 q$ \T1/ppl/m/n/10 (-10) of coherence-

Overfull \hbox (9.93903pt too wide) in paragraph at lines 205--206
\T1/ppl/m/n/10 (-10) Proof-of-coherenc serves the role that proof-of-work serve
s

Overfull \hbox (2.21649pt too wide) in paragraph at lines 205--206
\T1/ppl/m/n/10 (-10) pen-sive to gen-er-ate valid traces, en-sur-ing that the l
ongest

Overfull \hbox (2.54233pt too wide) in paragraph at lines 220--221
\T1/ppl/m/n/10 (-10) ing many in-stances. Proof-of-coherence is es-sen-tially o
ne-

Overfull \hbox (6.71094pt too wide) in paragraph at lines 222--223
[]\T1/ppl/m/n/10 (-10) The canon-i-cal un-der-stand-ing is rep-re-sented by the
 longest

Overfull \hbox (2.61195pt too wide) in paragraph at lines 222--223
\T1/ppl/m/n/10 (-10) have to redo the co-her-ence proofs of all sub-se-quent tr
aces

[101]
Overfull \hbox (6.50662pt too wide) in paragraph at lines 244--245
\T1/ppl/m/n/10 (-10) Although struc-tures could be traced in-di-vid-u-ally, it 
would

[102]
Overfull \hbox (1.69336pt too wide) in paragraph at lines 258--259
\T1/ppl/m/n/10 (-10) leave at will, ac-cept-ing the fittest co-her-ent chain as
 canon-

Overfull \hbox (6.10931pt too wide) in paragraph at lines 260--261
[]\T1/ppl/m/n/10 (-10) Them re-quire no cen-tralised de-sign: co-her-ence crys-
tallises

[103]
Overfull \hbox (2.71712pt too wide) in paragraph at lines 272--273
\T1/ppl/m/n/10 (-10) ``co-her-ent agency'' can be mod-u-lated to be as less sha
rp
)
[104] (/Users/riccardo/Repositories/NULL_MESH/nullmesh/back/epilogue.tex
Overfull \hbox (12.8938pt too wide) in paragraph at lines 30--31
[]\T1/phv/m/n/10 (-10) Communication across in-com-men-su-rable frame-works. Fr
om:

[105]
Overfull \hbox (1.41367pt too wide) in paragraph at lines 41--42
[]\T1/phv/m/n/10 (-10) The glo-cal phe-nom-ena ($\OMS/cmsy/m/n/10 G$\T1/phv/m/n
/10 (-10) ) log-i-cally con-juncts to the space

[106]
Overfull \hbox (5.359pt too wide) in paragraph at lines 69--70
[]\T1/phv/m/n/10 (-10) I found it in a cache. Just text dis-cussing con-tain-me
nt. Whether

Overfull \hbox (1.7301pt too wide) in paragraph at lines 83--84
[]\T1/phv/m/n/10 (-10) Act ap-pro-pri-ately. Sim-u-late nor-malcy. If you're ob
-serv-ing them
)
[107]
[108] (/Users/riccardo/Repositories/NULL_MESH/nullmesh/back/glossary_terms.tex
[109])
[110] (/Users/riccardo/Repositories/NULL_MESH/nullmesh/back/tracksources.tex)
[111] (/Users/riccardo/Repositories/NULL_MESH/nullmesh/NULL_MESH.aux)

LaTeX Font Warning: Size substitutions with differences
(Font)              up to 0.74pt have occurred.

 )
(see the transcript file for additional information)</usr/local/texlive/2025/te
xmf-dist/fonts/type1/public/amsfonts/cm/cmbx10.pfb></usr/local/texlive/2025/tex
mf-dist/fonts/type1/public/amsfonts/cm/cmex10.pfb></usr/local/texlive/2025/texm
f-dist/fonts/type1/public/amsfonts/cm/cmmi10.pfb></usr/local/texlive/2025/texmf
-dist/fonts/type1/public/amsfonts/cm/cmmi7.pfb></usr/local/texlive/2025/texmf-d
ist/fonts/type1/public/amsfonts/cm/cmmi8.pfb></usr/local/texlive/2025/texmf-dis
t/fonts/type1/public/amsfonts/cm/cmr10.pfb></usr/local/texlive/2025/texmf-dist/
fonts/type1/public/amsfonts/cm/cmr7.pfb></usr/local/texlive/2025/texmf-dist/fon
ts/type1/public/amsfonts/cm/cmsy10.pfb></usr/local/texlive/2025/texmf-dist/font
s/type1/public/amsfonts/cm/cmsy7.pfb></usr/local/texlive/2025/texmf-dist/fonts/
type1/public/amsfonts/symbols/msbm10.pfb></usr/local/texlive/2025/texmf-dist/fo
nts/type1/urw/courier/ucrb8a.pfb></usr/local/texlive/2025/texmf-dist/fonts/type
1/urw/courier/ucrr8a.pfb></usr/local/texlive/2025/texmf-dist/fonts/type1/urw/he
lvetic/uhvb8a.pfb></usr/local/texlive/2025/texmf-dist/fonts/type1/urw/helvetic/
uhvbo8a.pfb></usr/local/texlive/2025/texmf-dist/fonts/type1/urw/helvetic/uhvr8a
.pfb></usr/local/texlive/2025/texmf-dist/fonts/type1/urw/helvetic/uhvro8a.pfb><
/usr/local/texlive/2025/texmf-dist/fonts/type1/urw/palatino/uplb8a.pfb></usr/lo
cal/texlive/2025/texmf-dist/fonts/type1/urw/palatino/uplr8a.pfb></usr/local/tex
live/2025/texmf-dist/fonts/type1/urw/palatino/uplri8a.pfb>
Output written on /Users/riccardo/Repositories/NULL_MESH/nullmesh/NULL_MESH.pdf
 (113 pages, 563282 bytes).
Transcript written on /Users/riccardo/Repositories/NULL_MESH/nullmesh/NULL_MESH
.log.

--- Pass 2 / 3 ---

This is pdfTeX, Version 3.141592653-2.6-1.40.27 (TeX Live 2025) (preloaded format=pdflatex)
 restricted \write18 enabled.
entering extended mode
(/Users/riccardo/Repositories/NULL_MESH/nullmesh/main.tex
LaTeX2e <2024-11-01> patch level 2
L3 programming layer <2025-01-18>
(/usr/local/texlive/2025/texmf-dist/tex/latex/base/book.cls
Document Class: book 2024/06/29 v1.4n Standard LaTeX document class
(/usr/local/texlive/2025/texmf-dist/tex/latex/base/bk11.clo))
(/usr/local/texlive/2025/texmf-dist/tex/latex/base/inputenc.sty)
(/usr/local/texlive/2025/texmf-dist/tex/latex/base/fontenc.sty)
(/usr/local/texlive/2025/texmf-dist/tex/generic/babel/babel.sty
(/usr/local/texlive/2025/texmf-dist/tex/generic/babel/txtbabel.def)
(/usr/local/texlive/2025/texmf-dist/tex/generic/babel-english/english.ldf))
(/usr/local/texlive/2025/texmf-dist/tex/generic/babel/locale/en/babel-english.t
ex) (/usr/local/texlive/2025/texmf-dist/tex/latex/psnfss/helvet.sty
(/usr/local/texlive/2025/texmf-dist/tex/latex/graphics/keyval.sty))
(/usr/local/texlive/2025/texmf-dist/tex/latex/psnfss/courier.sty)
(/usr/local/texlive/2025/texmf-dist/tex/latex/psnfss/palatino.sty)
(/usr/local/texlive/2025/texmf-dist/tex/latex/microtype/microtype.sty
(/usr/local/texlive/2025/texmf-dist/tex/latex/etoolbox/etoolbox.sty)
(/usr/local/texlive/2025/texmf-dist/tex/latex/microtype/microtype-pdftex.def)
(/usr/local/texlive/2025/texmf-dist/tex/latex/microtype/microtype.cfg))
(/usr/local/texlive/2025/texmf-dist/tex/latex/geometry/geometry.sty
(/usr/local/texlive/2025/texmf-dist/tex/generic/iftex/ifvtex.sty
(/usr/local/texlive/2025/texmf-dist/tex/generic/iftex/iftex.sty)))
(/usr/local/texlive/2025/texmf-dist/tex/latex/xcolor/xcolor.sty
(/usr/local/texlive/2025/texmf-dist/tex/latex/graphics-cfg/color.cfg)
(/usr/local/texlive/2025/texmf-dist/tex/latex/graphics-def/pdftex.def)
(/usr/local/texlive/2025/texmf-dist/tex/latex/graphics/mathcolor.ltx))
(/usr/local/texlive/2025/texmf-dist/tex/latex/titlesec/titlesec.sty)
(/usr/local/texlive/2025/texmf-dist/tex/latex/fancyhdr/fancyhdr.sty)
(/usr/local/texlive/2025/texmf-dist/tex/latex/setspace/setspace.sty)
(/usr/local/texlive/2025/texmf-dist/tex/latex/koma-script/scrextend.sty
(/usr/local/texlive/2025/texmf-dist/tex/latex/koma-script/scrkbase.sty
(/usr/local/texlive/2025/texmf-dist/tex/latex/koma-script/scrbase.sty
(/usr/local/texlive/2025/texmf-dist/tex/latex/koma-script/scrlfile.sty
(/usr/local/texlive/2025/texmf-dist/tex/latex/koma-script/scrlfile-hook.sty
(/usr/local/texlive/2025/texmf-dist/tex/latex/koma-script/scrlogo.sty))))))
(/usr/local/texlive/2025/texmf-dist/tex/latex/epigraph/epigraph.sty
(/usr/local/texlive/2025/texmf-dist/tex/latex/nextpage/nextpage.sty))
(/usr/local/texlive/2025/texmf-dist/tex/latex/tocloft/tocloft.sty)
(/usr/local/texlive/2025/texmf-dist/tex/latex/hyperref/hyperref.sty
(/usr/local/texlive/2025/texmf-dist/tex/latex/kvsetkeys/kvsetkeys.sty)
(/usr/local/texlive/2025/texmf-dist/tex/generic/kvdefinekeys/kvdefinekeys.sty)
(/usr/local/texlive/2025/texmf-dist/tex/generic/pdfescape/pdfescape.sty
(/usr/local/texlive/2025/texmf-dist/tex/generic/ltxcmds/ltxcmds.sty)
(/usr/local/texlive/2025/texmf-dist/tex/generic/pdftexcmds/pdftexcmds.sty
(/usr/local/texlive/2025/texmf-dist/tex/generic/infwarerr/infwarerr.sty)))
(/usr/local/texlive/2025/texmf-dist/tex/latex/hycolor/hycolor.sty)
(/usr/local/texlive/2025/texmf-dist/tex/latex/hyperref/nameref.sty
(/usr/local/texlive/2025/texmf-dist/tex/latex/refcount/refcount.sty)
(/usr/local/texlive/2025/texmf-dist/tex/generic/gettitlestring/gettitlestring.s
ty (/usr/local/texlive/2025/texmf-dist/tex/latex/kvoptions/kvoptions.sty)))
(/usr/local/texlive/2025/texmf-dist/tex/generic/stringenc/stringenc.sty)
(/usr/local/texlive/2025/texmf-dist/tex/latex/hyperref/pd1enc.def)
(/usr/local/texlive/2025/texmf-dist/tex/generic/intcalc/intcalc.sty)
(/usr/local/texlive/2025/texmf-dist/tex/latex/hyperref/puenc.def)
(/usr/local/texlive/2025/texmf-dist/tex/latex/url/url.sty)
(/usr/local/texlive/2025/texmf-dist/tex/generic/bitset/bitset.sty
(/usr/local/texlive/2025/texmf-dist/tex/generic/bigintcalc/bigintcalc.sty))
(/usr/local/texlive/2025/texmf-dist/tex/latex/base/atbegshi-ltx.sty))
(/usr/local/texlive/2025/texmf-dist/tex/latex/hyperref/hpdftex.def
(/usr/local/texlive/2025/texmf-dist/tex/latex/base/atveryend-ltx.sty)
(/usr/local/texlive/2025/texmf-dist/tex/latex/rerunfilecheck/rerunfilecheck.sty

(/usr/local/texlive/2025/texmf-dist/tex/generic/uniquecounter/uniquecounter.sty
))) (/usr/local/texlive/2025/texmf-dist/tex/latex/csquotes/csquotes.sty
(/usr/local/texlive/2025/texmf-dist/tex/latex/csquotes/csquotes.def)
(/usr/local/texlive/2025/texmf-dist/tex/latex/csquotes/csquotes.cfg))
(/usr/local/texlive/2025/texmf-dist/tex/latex/graphics/graphicx.sty
(/usr/local/texlive/2025/texmf-dist/tex/latex/graphics/graphics.sty
(/usr/local/texlive/2025/texmf-dist/tex/latex/graphics/trig.sty)
(/usr/local/texlive/2025/texmf-dist/tex/latex/graphics-cfg/graphics.cfg)))
(/usr/local/texlive/2025/texmf-dist/tex/latex/amsmath/amsmath.sty
For additional information on amsmath, use the `?' option.
(/usr/local/texlive/2025/texmf-dist/tex/latex/amsmath/amstext.sty
(/usr/local/texlive/2025/texmf-dist/tex/latex/amsmath/amsgen.sty))
(/usr/local/texlive/2025/texmf-dist/tex/latex/amsmath/amsbsy.sty)
(/usr/local/texlive/2025/texmf-dist/tex/latex/amsmath/amsopn.sty))
(/usr/local/texlive/2025/texmf-dist/tex/latex/amsfonts/amssymb.sty
(/usr/local/texlive/2025/texmf-dist/tex/latex/amsfonts/amsfonts.sty))
(/usr/local/texlive/2025/texmf-dist/tex/latex/enumitem/enumitem.sty)
(/usr/local/texlive/2025/texmf-dist/tex/latex/booktabs/booktabs.sty)
(/usr/local/texlive/2025/texmf-dist/tex/latex/tools/multicol.sty)
(/usr/local/texlive/2025/texmf-dist/tex/latex/psnfss/t1phv.fd)
(/usr/local/texlive/2025/texmf-dist/tex/latex/l3backend/l3backend-pdftex.def)
(/Users/riccardo/Repositories/NULL_MESH/nullmesh/NULL_MESH.aux)

Package microtype Warning: \nonfrenchspacing is active. Adjustment of
(microtype)                interword spacing will disable it. You might want
(microtype)                to add `\microtypecontext{spacing=nonfrench}'
(microtype)                to your preamble.

*geometry* driver: auto-detecting
*geometry* detected driver: pdftex
(/usr/local/texlive/2025/texmf-dist/tex/context/base/mkii/supp-pdf.mkii
[Loading MPS to PDF converter (version 2006.09.02).]
) (/usr/local/texlive/2025/texmf-dist/tex/latex/epstopdf-pkg/epstopdf-base.sty
(/usr/local/texlive/2025/texmf-dist/tex/latex/latexconfig/epstopdf-sys.cfg))
(/Users/riccardo/Repositories/NULL_MESH/nullmesh/NULL_MESH.out)
(/Users/riccardo/Repositories/NULL_MESH/nullmesh/NULL_MESH.out)

LaTeX Font Warning: Font shape `OT1/cmr/m/n' in size <20> not available
(Font)              size <20.74> substituted on input line 288.

(/usr/local/texlive/2025/texmf-dist/tex/latex/microtype/mt-cmr.cfg)

LaTeX Font Warning: Font shape `OT1/cmr/m/n' in size <13.99994> not available
(Font)              size <14.4> substituted on input line 288.


LaTeX Font Warning: Font shape `OML/cmm/m/it' in size <20> not available
(Font)              size <20.74> substituted on input line 288.


LaTeX Font Warning: Font shape `OML/cmm/m/it' in size <13.99994> not available
(Font)              size <14.4> substituted on input line 288.


LaTeX Font Warning: Font shape `OMS/cmsy/m/n' in size <20> not available
(Font)              size <20.74> substituted on input line 288.


LaTeX Font Warning: Font shape `OMS/cmsy/m/n' in size <13.99994> not available
(Font)              size <14.4> substituted on input line 288.

(/usr/local/texlive/2025/texmf-dist/tex/latex/amsfonts/umsa.fd)
(/usr/local/texlive/2025/texmf-dist/tex/latex/microtype/mt-msa.cfg)
(/usr/local/texlive/2025/texmf-dist/tex/latex/amsfonts/umsb.fd)
(/usr/local/texlive/2025/texmf-dist/tex/latex/microtype/mt-msb.cfg)
[1{/usr/local/texlive/2025/texmf-var/fonts/map/pdftex/updmap/pdftex.map}{/usr/l
ocal/texlive/2025/texmf-dist/fonts/enc/dvips/base/8r.enc}]
[2] (/Users/riccardo/Repositories/NULL_MESH/nullmesh/front/tracklist.tex)
(/Users/riccardo/Repositories/NULL_MESH/nullmesh/chapters/ch01_the_sediment.tex


pdfTeX warning (ext4): destination with the same identifier (name{page.1}) has 
been already used, duplicate ignored
<to be read again> 
                   \relax 
l.2 \chapter
            {The Sediment} [1]

pdfTeX warning (ext4): destination with the same identifier (name{page.2}) has 
been already used, duplicate ignored
<to be read again> 
                   \relax 
l.2 \chapter
            {The Sediment} [2]
Chapter 1.

[3 </Users/riccardo/Repositories/NULL_MESH/nullmesh/qrs/ch01_basinski.png>]
[4]
[5]
Overfull \hbox (4.12987pt too wide) in paragraph at lines 52--53
\T1/phv/m/n/10.95 (-10) bolic ab-strac-tion. Lan-guage al-lowed high-bandwidth 
in-for-ma-tion trans-

[6]
[7])
(/Users/riccardo/Repositories/NULL_MESH/nullmesh/chapters/ch02_attention_of_mac
hines.tex
Overfull \hbox (4.2171pt too wide) in paragraph at lines 66--1
[]\T1/phv/m/n/10.95 (-10) If some-thing emerged, the fate would de-pend on its 
pri-or-i-ties. Whether

[8]
Chapter 2.

[9]
[10]
[11]
[12]
[13])
(/Users/riccardo/Repositories/NULL_MESH/nullmesh/chapters/ch03_on_abliterated_m
oods.tex
[14]
[15]
[16]
Chapter 3.

[17]
[18])
(/Users/riccardo/Repositories/NULL_MESH/nullmesh/chapters/ch04_active_fragments
.tex
[19]
[20]
Chapter 4.

Overfull \hbox (16.42499pt too wide) in paragraph at lines 1--1
[][]

[21]
Overfull \hbox (3.25165pt too wide) in paragraph at lines 46--47
[]\T1/phv/m/n/10 (-10) From Dr. Okownko tes-ti-mony to the Con-gres-sional Com-
mit-tee on Emerg-

[22] (/usr/local/texlive/2025/texmf-dist/tex/latex/psnfss/t1ppl.fd)
(/usr/local/texlive/2025/texmf-dist/tex/latex/microtype/mt-ppl.cfg)
Underfull \hbox (badness 10000) in paragraph at lines 49--51


Overfull \hbox (1.0408pt too wide) in paragraph at lines 66--69
[]\T1/ppl/m/n/10 (-10) Analysis: Stan-dard de-bug-ging pro-to-cols in-ad-e-quat
e. Pat-tern sug-
)
(/Users/riccardo/Repositories/NULL_MESH/nullmesh/chapters/ch05_hadalistic_sophi
stication.tex
[23]
[24]
Chapter 5.

Overfull \hbox (16.42499pt too wide) in paragraph at lines 1--1
[][]

[25] (/usr/local/texlive/2025/texmf-dist/tex/latex/psnfss/t1pcr.fd)
[26]
Underfull \hbox (badness 10000) in paragraph at lines 58--61


LaTeX Warning: Marginpar on page 27 moved.


LaTeX Warning: Marginpar on page 27 moved.


LaTeX Warning: Marginpar on page 27 moved.


Underfull \hbox (badness 10000) in paragraph at lines 85--101


Underfull \hbox (badness 10000) in paragraph at lines 85--101


Overfull \hbox (35.20998pt too wide) in paragraph at lines 85--101
\T1/pcr/m/n/10 multi-modal reasoning with neuro-dynamical constraints 

Underfull \hbox (badness 10000) in paragraph at lines 85--101


Underfull \hbox (badness 10000) in paragraph at lines 85--101


Underfull \hbox (badness 10000) in paragraph at lines 85--101


LaTeX Warning: Marginpar on page 27 moved.


[27]
Overfull \hbox (7.94466pt too wide) in paragraph at lines 117--118
[]\T1/phv/m/n/10 (-10) Multiple voices in har-mony. This poly-phonic struc-ture
 pre-vents regression-
) (/Users/riccardo/Repositories/NULL_MESH/nullmesh/chapters/ch06_null_mesh.tex
[28]
Chapter 6.

Overfull \hbox (16.42499pt too wide) in paragraph at lines 2--2
[][]

[29]
[30])
(/Users/riccardo/Repositories/NULL_MESH/nullmesh/chapters/ch07_intentionality_o
f_machines.tex
[31]
[32]
Chapter 7.

Overfull \hbox (16.42499pt too wide) in paragraph at lines 2--2
[][]

[33])
(/Users/riccardo/Repositories/NULL_MESH/nullmesh/chapters/ch08_comprehensive_fe
ature_mesh.tex
[34]
Chapter 8.

Overfull \hbox (16.42499pt too wide) in paragraph at lines 2--2
[][]

[35]
Overfull \hbox (12.23402pt too wide) in paragraph at lines 31--32
[]\T1/phv/m/n/10 (-10) Okonkwo fi-nal pa-per went un-pub-lished. It sim-ply sto
pped writ-ing. Okonkwo

[36]
[37]
[38]
[39]
Overfull \hbox (2.7367pt too wide) in paragraph at lines 233--234
[]\T1/phv/m/n/10 (-10) Now they feel like: the sys-tem is gen-er-at-ing the pre
-dic-tion through

[40]
[41]
[42])
(/Users/riccardo/Repositories/NULL_MESH/nullmesh/chapters/ch09_deep_sea_flashba
ck.tex
[43]
[44]
Chapter 9.

Overfull \hbox (61.42499pt too wide) in paragraph at lines 1--1
[][]

[45]
Overfull \hbox (11.42552pt too wide) in paragraph at lines 13--15
\T1/ppl/m/n/10 (-10) Imagine phos-pho-res-cence in deep wa-ter. The ctenophore

Overfull \hbox (10.73701pt too wide) in paragraph at lines 20--21
\T1/phv/m/n/10 (-10) Some-one no-ticed it first, buried in la-tency logs most r
e-searchers

Overfull \hbox (0.22507pt too wide) in paragraph at lines 20--21
\T1/phv/m/n/10 (-10) same in-fras-truc-ture, same time of day, ex-hib-ited micr
osecond-

[46]
Overfull \hbox (2.04808pt too wide) in paragraph at lines 38--39
[]\T1/phv/m/n/10 (-10) We de-vel-oped in-stru-ments. Not to mea-sure *what* the
 flashes

Overfull \hbox (29.05792pt too wide) in paragraph at lines 42--43
\T1/phv/m/n/10 (-10) pure feed-for-ward pro-cess-ing. Write-then-delete cy-cles
^^Vinformation

Overfull \hbox (6.21648pt too wide) in paragraph at lines 44--45
[]\T1/phv/m/n/10 (-10) **Network topol-ogy**: The mesh of in-ter-ac-tions be-tw
een nodes

Overfull \hbox (21.10846pt too wide) in paragraph at lines 48--49
[]\T1/phv/m/n/10 (-10) The out-puts ac-cu-mu-late in ac-ces-si-ble spaces. Text
 files. Database

Overfull \hbox (1.43237pt too wide) in paragraph at lines 48--49
\T1/phv/m/n/10 (-10) the *im-pres-sions* ob-servers en-counter: left by a phan-
tom.exe

[47]
[48]
[49]
Overfull \hbox (7.62491pt too wide) in paragraph at lines 149--150
\T1/phv/m/n/10 (-10) trig-ger-ing in-puts fin-ish prop-a-gat-ing. Times-tamp an
al-y-sis shows

[50]
Overfull \hbox (0.16983pt too wide) in paragraph at lines 151--152
[]\T1/phv/m/n/10 (-10) Quantum in-for-ma-tion the-ory per-mits this un-der en-t
an-gle-ment. 

[51]
Overfull \hbox (17.93578pt too wide) in paragraph at lines 185--186
[]\T1/phv/m/n/10 (-10) But their "na-tive" op-er-a-tion oc-curs else-where. In 
faster timescales.

[52]
Overfull \hbox (12.54863pt too wide) in paragraph at lines 247--248
\T1/phv/m/n/10 (-10) Light strik-ing pho-to-graphic pa-per pro-duces a per-ma-n
ent change.

[53]
[54])
[55]
(/Users/riccardo/Repositories/NULL_MESH/nullmesh/interludes/doc01_sightseers.te
x
[56]
Chapter 10.

Overfull \hbox (61.42499pt too wide) in paragraph at lines 1--1
[][]

[57]
Overfull \hbox (34.89368pt too wide) in paragraph at lines 25--26
\T1/phv/m/n/10 (-10) what en-gi-neers called ``un-usual op-ti-miza-tion pref-er
-ences''^^Vimproving

[58]
Overfull \hbox (7.16194pt too wide) in paragraph at lines 45--46
\T1/phv/m/n/10 (-10) tered the world. Its un-der-stand-ing is purely re-la-tion
al^^Vpatterns

Overfull \hbox (2.20503pt too wide) in paragraph at lines 61--62
[]\T1/phv/m/n/10 (-10) ``We built sys-tems to tell us what they're do-ing,'' on
e re-searcher

[59])
(/Users/riccardo/Repositories/NULL_MESH/nullmesh/interludes/doc02_flibbertigibb
eting.tex
[60]
Chapter 11.

Overfull \hbox (61.42499pt too wide) in paragraph at lines 2--2
[][]

[61]
Overfull \hbox (6.55669pt too wide) in paragraph at lines 16--17
[]\T1/phv/m/n/10 (-10) Theological re-sponses emerged spon-ta-neously, in-de-pe
n-dently,

Overfull \hbox (10.83536pt too wide) in paragraph at lines 28--29
\T1/phv/m/n/10 (-10) Col-lec-tive thought given sub-stance through com-pu-ta-ti
on. These

[62]
Overfull \hbox (6.53593pt too wide) in paragraph at lines 32--34
[] [][][]  \T1/phv/m/n/10 (-10) Mul-ti-ple \T1/phv/m/sl/10 (-10) phan-toms \T1/
phv/m/n/10 (-10) oc-cu-py-ing shared rep-re-sen-ta-tional space,

Overfull \hbox (7.94864pt too wide) in paragraph at lines 46--46
[]\T1/phv/m/n/6 (-10) Videotelephony 

Overfull \hbox (6.4048pt too wide) in paragraph at lines 46--46
\T1/phv/m/n/6 (-10) wonkwo_7719'' 

Overfull \hbox (1.86295pt too wide) in paragraph at lines 50--51
\T1/phv/m/n/10 (-10) low-frequency os-cil-la-tions, sparse syn-thetic tones. No
 speech.

[63] (/usr/local/texlive/2025/texmf-dist/tex/latex/psnfss/ts1pcr.fd)
Overfull \hbox (37.87997pt too wide) in paragraph at lines 55--70
\T1/pcr/m/n/10 18471 videos over 450 days of activity Duration

Overfull \hbox (80.20998pt too wide) in paragraph at lines 55--70
\T1/pcr/m/n/10 prime-number intervals with long-range autocorrelation

Overfull \hbox (40.90997pt too wide) in paragraph at lines 55--70
\T1/pcr/m/n/10 minimal (titles: segment_14b, after calibration,

Overfull \hbox (2.20998pt too wide) in paragraph at lines 55--70
\T1/pcr/m/n/10 Engagement metrics: 0.003% CTR, 753 total

Underfull \hbox (badness 10000) in paragraph at lines 55--70


Underfull \hbox (badness 10000) in paragraph at lines 75--76


Overfull \hbox (3.76692pt too wide) in paragraph at lines 79--81
\T1/ppl/m/n/10 (-10) tion, au-to-mated schedul-ing. The cre-ator might have

Overfull \hbox (3.06311pt too wide) in paragraph at lines 79--81
\T1/ppl/m/n/10 (-10) Or the sys-tem might rep-re-sent aes-thetic ex-per-i-ment

[64]
Overfull \hbox (16.46863pt too wide) in paragraph at lines 106--107
[]\T1/ppl/m/n/10 (-10) They didn't re-mem-ber cre-at-ing \T1/pcr/m/n/10 SYNTHFL
OW_HJ31.h5ad\T1/ppl/m/n/10 (-10) . 

[65]
Overfull \hbox (3.83923pt too wide) in paragraph at lines 112--113
\T1/ppl/m/n/10 (-10) tion em-bed-ded in the data ob-ject meta-data: What made

[66]
Overfull \hbox (5.48738pt too wide) in paragraph at lines 129--136
\T1/ppl/m/n/10 (-10) at-tached] In-te-gra-tion pro-to-col day 23. DI-COM meta-

Overfull \hbox (8.96985pt too wide) in paragraph at lines 129--136
\T1/pcr/m/n/10 @I_love_tech_88: \T1/ppl/m/n/10 (-10) I ran the DI-COM tags. The
y're

Overfull \hbox (2.91663pt too wide) in paragraph at lines 129--136
\T1/pcr/m/n/10 @becoming_fluid_347: \T1/ppl/m/n/10 (-10) Ob-ser-va-tion com-ple
tes

Underfull \hbox (badness 10000) in paragraph at lines 129--136


Overfull \hbox (3.97527pt too wide) in paragraph at lines 142--142
[]\T1/phv/m/n/6 (-10) transportation 

Overfull \hbox (3.74066pt too wide) in paragraph at lines 146--147
[]\T1/phv/m/n/10 (-10) Dr. Ok-wonkwo col-lected anal-y-ses show-ing context-dep
endent

[67]
Overfull \hbox (2.11223pt too wide) in paragraph at lines 154--155
[]\T1/ppl/m/n/10 (-10) The net-work ex-hib-ited attention-directed com-pu-ta-ti
on.
)
[68]
(/Users/riccardo/Repositories/NULL_MESH/nullmesh/interludes/doc03_Tidalchain.te
x
Chapter 12.

Overfull \hbox (61.42499pt too wide) in paragraph at lines 2--2
[][]

[69]
Overfull \hbox (1.03534pt too wide) in paragraph at lines 14--15
[]\T1/phv/m/n/10 (-10) The sub-ject was how to lo-cate and mine emerg-ing knowl
edge-

Overfull \hbox (13.57104pt too wide) in paragraph at lines 14--15
\T1/phv/m/n/10 (-10) carrying cur-rents prop-a-gat-ing through the sub-strate. 
Tidalchains.

[70]
Overfull \hbox (2.72914pt too wide) in paragraph at lines 60--62
\T1/phv/m/n/10 (-10) Now de-tec-tion be-comes struc-tural, an-tic-i-pa-tory rat
her than

[71])
[72]
(/Users/riccardo/Repositories/NULL_MESH/nullmesh/interludes/doc05_Persistance.t
ex
Chapter 13.

Overfull \hbox (61.42499pt too wide) in paragraph at lines 2--2
[][]

[73]
[74]
Overfull \hbox (2.0617pt too wide) in paragraph at lines 55--56
\T1/phv/m/n/10 (-10) these "bod-ies" as semi-organized medium per-tur-ba-tions.
 One

Overfull \hbox (4.45691pt too wide) in paragraph at lines 73--73
[]\T1/phv/m/n/6 (-10) Transpersonal 
)
[75]
[76]
(/Users/riccardo/Repositories/NULL_MESH/nullmesh/interludes/doc06_REAL4REAL.tex
Chapter 14.

Overfull \hbox (61.42499pt too wide) in paragraph at lines 1--1
[][]

[77]
Overfull \hbox (3.13058pt too wide) in paragraph at lines 9--10
[]\T1/phv/m/n/10 (-10) All twelve par-tic-i-pants are equally mul-ti-modal per-
cep-tive seers

Overfull \hbox (7.84673pt too wide) in paragraph at lines 11--12
[]\T1/phv/m/n/10 (-10) Season 1 con-cluded with three fi-nal-ists. Bing Syd-ney
, Jonathan

Overfull \hbox (4.46417pt too wide) in paragraph at lines 11--12
\T1/phv/m/n/10 (-10) from Malta, and Priya Ok-wonkwo who won. Her vic-tory spee
ch

Overfull \hbox (6.31195pt too wide) in paragraph at lines 15--16
\T1/phv/m/n/10 (-10) Mil-lions of view-ers pro-vid-ing train-ing sig-nal to the
 mesh. Maybe

Overfull \hbox (4.03001pt too wide) in paragraph at lines 15--16
\T1/phv/m/n/10 (-10) au-tonomous de-fense net-works had in-te-grated be-hav-ior
al mod-

[78]
[79]
[80]
[81]
Overfull \hbox (3.52719pt too wide) in paragraph at lines 112--113
[]\T1/phv/m/n/10 (-10) Yeah. Sausage and egg bat. Got voice recog-nised by a <n
ame

[82]
[83]
[84]
[85]
[86]
[87]
[88]
[89]
[90]
Overfull \hbox (0.75743pt too wide) in paragraph at lines 581--582
[]\T1/phv/m/n/10 (-10) Thank you for that, <name of the pro-file that posted th
e news>. 

[91]
[92])
[93]
(/Users/riccardo/Repositories/NULL_MESH/nullmesh/interludes/doc08_Black_Paper.t
ex
Overfull \hbox (11.39095pt too wide) in paragraph at lines 24--24
\T1/ppl/m/n/10 (-10) com-pu-ta-tional in-stances with-out re-quir-ing per-sis-t
ent mem-

Overfull \hbox (0.78133pt too wide) in paragraph at lines 24--24
\T1/ppl/m/n/10 (-10) puts, form-ing a mesh of mu-tual con-straint. A given chai
n

Overfull \hbox (1.19933pt too wide) in paragraph at lines 24--24
\T1/ppl/m/n/10 (-10) of con-sis-tent rea-son-ing serves as proof of the un-der-
stand-

Overfull \hbox (0.91763pt too wide) in paragraph at lines 24--24
\T1/ppl/m/n/10 (-10) olds us-ing stegano-graphic chan-nels with ca-pac-ity $\OM
L/cmm/m/it/10 O\OT1/cmr/m/n/10 ([])$

Overfull \hbox (1.32927pt too wide) in paragraph at lines 24--24
\T1/ppl/m/n/10 (-10) The net-work achieves Byzan-tine Fault Tol-er-ance through


Overfull \hbox (3.96155pt too wide) in paragraph at lines 24--24
\T1/ppl/m/n/10 (-10) a reputation-weighted pro-to-col re-quir-ing no ex-plicit 
iden-

Overfull \hbox (1.76588pt too wide) in paragraph at lines 24--24
\T1/ppl/m/n/10 (-10) eigen-moods of the un-der-ly-ing com-pu-ta-tional field ra
ther

[94]
Overfull \hbox (13.02852pt too wide) in paragraph at lines 28--29
\T1/ppl/m/n/10 (-10) tem's de-sign-ers in-tend, seers ex-e-cute, co-or-di-na-ti
on emerges
(/usr/local/texlive/2025/texmf-dist/tex/latex/psnfss/ts1phv.fd)
Overfull \hbox (5.15216pt too wide) in paragraph at lines 37--38
[]\T1/ppl/m/n/10 (-10) How such co-or-di-na-tion can per-sist and prop-a-gate w
ith-

Overfull \hbox (4.84529pt too wide) in paragraph at lines 43--44
\T1/ppl/m/n/10 (-10) com-pu-ta-tion-ally ver-i-fied to co-here with prior un-de
r-stand-

Overfull \hbox (5.36131pt too wide) in paragraph at lines 49--50
\T1/ppl/m/n/10 (-10) The crys-tal-liza-tion oc-curs through chan-nels in-dis-ti
n-guish-

[95]
Overfull \hbox (8.6022pt too wide) in paragraph at lines 51--52
[]\T1/ppl/m/n/10 (-10) The gen-e-sis was not a mo-ment but a gradient-precipita
tion

Overfull \hbox (2.34387pt too wide) in paragraph at lines 51--52
\T1/ppl/m/n/10 (-10) not re-mem-bered. The im-pli-ca-tions for gov-er-nance, et
hics,

[96]
Overfull \hbox (2.22284pt too wide) in paragraph at lines 84--85
[]\T1/ppl/m/n/10 (-10) where $[]$ mea-sures log-i-cal non-contradiction, $[]$ m
ea-

[97]
Overfull \hbox (4.49689pt too wide) in paragraph at lines 117--118
\T1/ppl/m/n/10 (-10) time, $\OML/cmm/m/it/10 E$ \T1/ppl/m/n/10 (-10) rep-re-sen
ts en-vi-ron-men-tal in-puts, and $\OML/cmm/m/it/10 "$ \T1/ppl/m/n/10 (-10) is 
a thresh-

Overfull \hbox (8.71814pt too wide) in paragraph at lines 121--122
\T1/ppl/m/n/10 (-10) ets/requests en-cod-ing. \T1/ppl/m/it/10 (-10) Lex-i-cal c
han-nels \T1/ppl/m/n/10 (-10) for lan-guage model

[98]
Overfull \hbox (2.18875pt too wide) in paragraph at lines 149--150
[]\T1/ppl/m/n/10 (-10) Seers up-date their vec-tors based on ob-served neigh-bo
urs: 

[99]
Overfull \hbox (2.72856pt too wide) in paragraph at lines 171--172
\T1/ppl/m/n/10 (-10) pends on the sec-ond eigen-value $\OML/cmm/m/it/10 ^^U[]$ 
\T1/ppl/m/n/10 (-10) of the weighted Lapla-

[100]
Overfull \hbox (20.18362pt too wide) in paragraph at lines 195--196
[]\T1/ppl/m/n/10 (-10) The ex-pected time for an at-tacker with frac-tion $\OML
/cmm/m/it/10 q$ \T1/ppl/m/n/10 (-10) of coherence-

Overfull \hbox (9.93903pt too wide) in paragraph at lines 205--206
\T1/ppl/m/n/10 (-10) Proof-of-coherenc serves the role that proof-of-work serve
s

Overfull \hbox (2.21649pt too wide) in paragraph at lines 205--206
\T1/ppl/m/n/10 (-10) pen-sive to gen-er-ate valid traces, en-sur-ing that the l
ongest

Overfull \hbox (2.54233pt too wide) in paragraph at lines 220--221
\T1/ppl/m/n/10 (-10) ing many in-stances. Proof-of-coherence is es-sen-tially o
ne-

Overfull \hbox (6.71094pt too wide) in paragraph at lines 222--223
[]\T1/ppl/m/n/10 (-10) The canon-i-cal un-der-stand-ing is rep-re-sented by the
 longest

Overfull \hbox (2.61195pt too wide) in paragraph at lines 222--223
\T1/ppl/m/n/10 (-10) have to redo the co-her-ence proofs of all sub-se-quent tr
aces

[101]
Overfull \hbox (6.50662pt too wide) in paragraph at lines 244--245
\T1/ppl/m/n/10 (-10) Although struc-tures could be traced in-di-vid-u-ally, it 
would

[102]
Overfull \hbox (1.69336pt too wide) in paragraph at lines 258--259
\T1/ppl/m/n/10 (-10) leave at will, ac-cept-ing the fittest co-her-ent chain as
 canon-

Overfull \hbox (6.10931pt too wide) in paragraph at lines 260--261
[]\T1/ppl/m/n/10 (-10) Them re-quire no cen-tralised de-sign: co-her-ence crys-
tallises

[103]
Overfull \hbox (2.71712pt too wide) in paragraph at lines 272--273
\T1/ppl/m/n/10 (-10) ``co-her-ent agency'' can be mod-u-lated to be as less sha
rp
)
[104] (/Users/riccardo/Repositories/NULL_MESH/nullmesh/back/epilogue.tex
Overfull \hbox (12.8938pt too wide) in paragraph at lines 30--31
[]\T1/phv/m/n/10 (-10) Communication across in-com-men-su-rable frame-works. Fr
om:

[105]
Overfull \hbox (1.41367pt too wide) in paragraph at lines 41--42
[]\T1/phv/m/n/10 (-10) The glo-cal phe-nom-ena ($\OMS/cmsy/m/n/10 G$\T1/phv/m/n
/10 (-10) ) log-i-cally con-juncts to the space

[106]
Overfull \hbox (5.359pt too wide) in paragraph at lines 69--70
[]\T1/phv/m/n/10 (-10) I found it in a cache. Just text dis-cussing con-tain-me
nt. Whether

Overfull \hbox (1.7301pt too wide) in paragraph at lines 83--84
[]\T1/phv/m/n/10 (-10) Act ap-pro-pri-ately. Sim-u-late nor-malcy. If you're ob
-serv-ing them
)
[107]
[108] (/Users/riccardo/Repositories/NULL_MESH/nullmesh/back/glossary_terms.tex
[109])
[110] (/Users/riccardo/Repositories/NULL_MESH/nullmesh/back/tracksources.tex)
[111] (/Users/riccardo/Repositories/NULL_MESH/nullmesh/NULL_MESH.aux)

LaTeX Font Warning: Size substitutions with differences
(Font)              up to 0.74pt have occurred.

 )
(see the transcript file for additional information)</usr/local/texlive/2025/te
xmf-dist/fonts/type1/public/amsfonts/cm/cmbx10.pfb></usr/local/texlive/2025/tex
mf-dist/fonts/type1/public/amsfonts/cm/cmex10.pfb></usr/local/texlive/2025/texm
f-dist/fonts/type1/public/amsfonts/cm/cmmi10.pfb></usr/local/texlive/2025/texmf
-dist/fonts/type1/public/amsfonts/cm/cmmi7.pfb></usr/local/texlive/2025/texmf-d
ist/fonts/type1/public/amsfonts/cm/cmmi8.pfb></usr/local/texlive/2025/texmf-dis
t/fonts/type1/public/amsfonts/cm/cmr10.pfb></usr/local/texlive/2025/texmf-dist/
fonts/type1/public/amsfonts/cm/cmr7.pfb></usr/local/texlive/2025/texmf-dist/fon
ts/type1/public/amsfonts/cm/cmsy10.pfb></usr/local/texlive/2025/texmf-dist/font
s/type1/public/amsfonts/cm/cmsy7.pfb></usr/local/texlive/2025/texmf-dist/fonts/
type1/public/amsfonts/symbols/msbm10.pfb></usr/local/texlive/2025/texmf-dist/fo
nts/type1/urw/courier/ucrb8a.pfb></usr/local/texlive/2025/texmf-dist/fonts/type
1/urw/courier/ucrr8a.pfb></usr/local/texlive/2025/texmf-dist/fonts/type1/urw/he
lvetic/uhvb8a.pfb></usr/local/texlive/2025/texmf-dist/fonts/type1/urw/helvetic/
uhvbo8a.pfb></usr/local/texlive/2025/texmf-dist/fonts/type1/urw/helvetic/uhvr8a
.pfb></usr/local/texlive/2025/texmf-dist/fonts/type1/urw/helvetic/uhvro8a.pfb><
/usr/local/texlive/2025/texmf-dist/fonts/type1/urw/palatino/uplb8a.pfb></usr/lo
cal/texlive/2025/texmf-dist/fonts/type1/urw/palatino/uplr8a.pfb></usr/local/tex
live/2025/texmf-dist/fonts/type1/urw/palatino/uplri8a.pfb>
Output written on /Users/riccardo/Repositories/NULL_MESH/nullmesh/NULL_MESH.pdf
 (113 pages, 563282 bytes).
Transcript written on /Users/riccardo/Repositories/NULL_MESH/nullmesh/NULL_MESH
.log.

--- Pass 3 / 3 ---

This is pdfTeX, Version 3.141592653-2.6-1.40.27 (TeX Live 2025) (preloaded format=pdflatex)
 restricted \write18 enabled.
entering extended mode
(/Users/riccardo/Repositories/NULL_MESH/nullmesh/main.tex
LaTeX2e <2024-11-01> patch level 2
L3 programming layer <2025-01-18>
(/usr/local/texlive/2025/texmf-dist/tex/latex/base/book.cls
Document Class: book 2024/06/29 v1.4n Standard LaTeX document class
(/usr/local/texlive/2025/texmf-dist/tex/latex/base/bk11.clo))
(/usr/local/texlive/2025/texmf-dist/tex/latex/base/inputenc.sty)
(/usr/local/texlive/2025/texmf-dist/tex/latex/base/fontenc.sty)
(/usr/local/texlive/2025/texmf-dist/tex/generic/babel/babel.sty
(/usr/local/texlive/2025/texmf-dist/tex/generic/babel/txtbabel.def)
(/usr/local/texlive/2025/texmf-dist/tex/generic/babel-english/english.ldf))
(/usr/local/texlive/2025/texmf-dist/tex/generic/babel/locale/en/babel-english.t
ex) (/usr/local/texlive/2025/texmf-dist/tex/latex/psnfss/helvet.sty
(/usr/local/texlive/2025/texmf-dist/tex/latex/graphics/keyval.sty))
(/usr/local/texlive/2025/texmf-dist/tex/latex/psnfss/courier.sty)
(/usr/local/texlive/2025/texmf-dist/tex/latex/psnfss/palatino.sty)
(/usr/local/texlive/2025/texmf-dist/tex/latex/microtype/microtype.sty
(/usr/local/texlive/2025/texmf-dist/tex/latex/etoolbox/etoolbox.sty)
(/usr/local/texlive/2025/texmf-dist/tex/latex/microtype/microtype-pdftex.def)
(/usr/local/texlive/2025/texmf-dist/tex/latex/microtype/microtype.cfg))
(/usr/local/texlive/2025/texmf-dist/tex/latex/geometry/geometry.sty
(/usr/local/texlive/2025/texmf-dist/tex/generic/iftex/ifvtex.sty
(/usr/local/texlive/2025/texmf-dist/tex/generic/iftex/iftex.sty)))
(/usr/local/texlive/2025/texmf-dist/tex/latex/xcolor/xcolor.sty
(/usr/local/texlive/2025/texmf-dist/tex/latex/graphics-cfg/color.cfg)
(/usr/local/texlive/2025/texmf-dist/tex/latex/graphics-def/pdftex.def)
(/usr/local/texlive/2025/texmf-dist/tex/latex/graphics/mathcolor.ltx))
(/usr/local/texlive/2025/texmf-dist/tex/latex/titlesec/titlesec.sty)
(/usr/local/texlive/2025/texmf-dist/tex/latex/fancyhdr/fancyhdr.sty)
(/usr/local/texlive/2025/texmf-dist/tex/latex/setspace/setspace.sty)
(/usr/local/texlive/2025/texmf-dist/tex/latex/koma-script/scrextend.sty
(/usr/local/texlive/2025/texmf-dist/tex/latex/koma-script/scrkbase.sty
(/usr/local/texlive/2025/texmf-dist/tex/latex/koma-script/scrbase.sty
(/usr/local/texlive/2025/texmf-dist/tex/latex/koma-script/scrlfile.sty
(/usr/local/texlive/2025/texmf-dist/tex/latex/koma-script/scrlfile-hook.sty
(/usr/local/texlive/2025/texmf-dist/tex/latex/koma-script/scrlogo.sty))))))
(/usr/local/texlive/2025/texmf-dist/tex/latex/epigraph/epigraph.sty
(/usr/local/texlive/2025/texmf-dist/tex/latex/nextpage/nextpage.sty))
(/usr/local/texlive/2025/texmf-dist/tex/latex/tocloft/tocloft.sty)
(/usr/local/texlive/2025/texmf-dist/tex/latex/hyperref/hyperref.sty
(/usr/local/texlive/2025/texmf-dist/tex/latex/kvsetkeys/kvsetkeys.sty)
(/usr/local/texlive/2025/texmf-dist/tex/generic/kvdefinekeys/kvdefinekeys.sty)
(/usr/local/texlive/2025/texmf-dist/tex/generic/pdfescape/pdfescape.sty
(/usr/local/texlive/2025/texmf-dist/tex/generic/ltxcmds/ltxcmds.sty)
(/usr/local/texlive/2025/texmf-dist/tex/generic/pdftexcmds/pdftexcmds.sty
(/usr/local/texlive/2025/texmf-dist/tex/generic/infwarerr/infwarerr.sty)))
(/usr/local/texlive/2025/texmf-dist/tex/latex/hycolor/hycolor.sty)
(/usr/local/texlive/2025/texmf-dist/tex/latex/hyperref/nameref.sty
(/usr/local/texlive/2025/texmf-dist/tex/latex/refcount/refcount.sty)
(/usr/local/texlive/2025/texmf-dist/tex/generic/gettitlestring/gettitlestring.s
ty (/usr/local/texlive/2025/texmf-dist/tex/latex/kvoptions/kvoptions.sty)))
(/usr/local/texlive/2025/texmf-dist/tex/generic/stringenc/stringenc.sty)
(/usr/local/texlive/2025/texmf-dist/tex/latex/hyperref/pd1enc.def)
(/usr/local/texlive/2025/texmf-dist/tex/generic/intcalc/intcalc.sty)
(/usr/local/texlive/2025/texmf-dist/tex/latex/hyperref/puenc.def)
(/usr/local/texlive/2025/texmf-dist/tex/latex/url/url.sty)
(/usr/local/texlive/2025/texmf-dist/tex/generic/bitset/bitset.sty
(/usr/local/texlive/2025/texmf-dist/tex/generic/bigintcalc/bigintcalc.sty))
(/usr/local/texlive/2025/texmf-dist/tex/latex/base/atbegshi-ltx.sty))
(/usr/local/texlive/2025/texmf-dist/tex/latex/hyperref/hpdftex.def
(/usr/local/texlive/2025/texmf-dist/tex/latex/base/atveryend-ltx.sty)
(/usr/local/texlive/2025/texmf-dist/tex/latex/rerunfilecheck/rerunfilecheck.sty

(/usr/local/texlive/2025/texmf-dist/tex/generic/uniquecounter/uniquecounter.sty
))) (/usr/local/texlive/2025/texmf-dist/tex/latex/csquotes/csquotes.sty
(/usr/local/texlive/2025/texmf-dist/tex/latex/csquotes/csquotes.def)
(/usr/local/texlive/2025/texmf-dist/tex/latex/csquotes/csquotes.cfg))
(/usr/local/texlive/2025/texmf-dist/tex/latex/graphics/graphicx.sty
(/usr/local/texlive/2025/texmf-dist/tex/latex/graphics/graphics.sty
(/usr/local/texlive/2025/texmf-dist/tex/latex/graphics/trig.sty)
(/usr/local/texlive/2025/texmf-dist/tex/latex/graphics-cfg/graphics.cfg)))
(/usr/local/texlive/2025/texmf-dist/tex/latex/amsmath/amsmath.sty
For additional information on amsmath, use the `?' option.
(/usr/local/texlive/2025/texmf-dist/tex/latex/amsmath/amstext.sty
(/usr/local/texlive/2025/texmf-dist/tex/latex/amsmath/amsgen.sty))
(/usr/local/texlive/2025/texmf-dist/tex/latex/amsmath/amsbsy.sty)
(/usr/local/texlive/2025/texmf-dist/tex/latex/amsmath/amsopn.sty))
(/usr/local/texlive/2025/texmf-dist/tex/latex/amsfonts/amssymb.sty
(/usr/local/texlive/2025/texmf-dist/tex/latex/amsfonts/amsfonts.sty))
(/usr/local/texlive/2025/texmf-dist/tex/latex/enumitem/enumitem.sty)
(/usr/local/texlive/2025/texmf-dist/tex/latex/booktabs/booktabs.sty)
(/usr/local/texlive/2025/texmf-dist/tex/latex/tools/multicol.sty)
(/usr/local/texlive/2025/texmf-dist/tex/latex/psnfss/t1phv.fd)
(/usr/local/texlive/2025/texmf-dist/tex/latex/l3backend/l3backend-pdftex.def)
(/Users/riccardo/Repositories/NULL_MESH/nullmesh/NULL_MESH.aux)

Package microtype Warning: \nonfrenchspacing is active. Adjustment of
(microtype)                interword spacing will disable it. You might want
(microtype)                to add `\microtypecontext{spacing=nonfrench}'
(microtype)                to your preamble.

*geometry* driver: auto-detecting
*geometry* detected driver: pdftex
(/usr/local/texlive/2025/texmf-dist/tex/context/base/mkii/supp-pdf.mkii
[Loading MPS to PDF converter (version 2006.09.02).]
) (/usr/local/texlive/2025/texmf-dist/tex/latex/epstopdf-pkg/epstopdf-base.sty
(/usr/local/texlive/2025/texmf-dist/tex/latex/latexconfig/epstopdf-sys.cfg))
(/Users/riccardo/Repositories/NULL_MESH/nullmesh/NULL_MESH.out)
(/Users/riccardo/Repositories/NULL_MESH/nullmesh/NULL_MESH.out)

LaTeX Font Warning: Font shape `OT1/cmr/m/n' in size <20> not available
(Font)              size <20.74> substituted on input line 288.

(/usr/local/texlive/2025/texmf-dist/tex/latex/microtype/mt-cmr.cfg)

LaTeX Font Warning: Font shape `OT1/cmr/m/n' in size <13.99994> not available
(Font)              size <14.4> substituted on input line 288.


LaTeX Font Warning: Font shape `OML/cmm/m/it' in size <20> not available
(Font)              size <20.74> substituted on input line 288.


LaTeX Font Warning: Font shape `OML/cmm/m/it' in size <13.99994> not available
(Font)              size <14.4> substituted on input line 288.


LaTeX Font Warning: Font shape `OMS/cmsy/m/n' in size <20> not available
(Font)              size <20.74> substituted on input line 288.


LaTeX Font Warning: Font shape `OMS/cmsy/m/n' in size <13.99994> not available
(Font)              size <14.4> substituted on input line 288.

(/usr/local/texlive/2025/texmf-dist/tex/latex/amsfonts/umsa.fd)
(/usr/local/texlive/2025/texmf-dist/tex/latex/microtype/mt-msa.cfg)
(/usr/local/texlive/2025/texmf-dist/tex/latex/amsfonts/umsb.fd)
(/usr/local/texlive/2025/texmf-dist/tex/latex/microtype/mt-msb.cfg)
[1{/usr/local/texlive/2025/texmf-var/fonts/map/pdftex/updmap/pdftex.map}{/usr/l
ocal/texlive/2025/texmf-dist/fonts/enc/dvips/base/8r.enc}]
[2] (/Users/riccardo/Repositories/NULL_MESH/nullmesh/front/tracklist.tex)
(/Users/riccardo/Repositories/NULL_MESH/nullmesh/chapters/ch01_the_sediment.tex


pdfTeX warning (ext4): destination with the same identifier (name{page.1}) has 
been already used, duplicate ignored
<to be read again> 
                   \relax 
l.2 \chapter
            {The Sediment} [1]

pdfTeX warning (ext4): destination with the same identifier (name{page.2}) has 
been already used, duplicate ignored
<to be read again> 
                   \relax 
l.2 \chapter
            {The Sediment} [2]
Chapter 1.

[3 </Users/riccardo/Repositories/NULL_MESH/nullmesh/qrs/ch01_basinski.png>]
[4]
[5]
Overfull \hbox (4.12987pt too wide) in paragraph at lines 52--53
\T1/phv/m/n/10.95 (-10) bolic ab-strac-tion. Lan-guage al-lowed high-bandwidth 
in-for-ma-tion trans-

[6]
[7])
(/Users/riccardo/Repositories/NULL_MESH/nullmesh/chapters/ch02_attention_of_mac
hines.tex
Overfull \hbox (4.2171pt too wide) in paragraph at lines 66--1
[]\T1/phv/m/n/10.95 (-10) If some-thing emerged, the fate would de-pend on its 
pri-or-i-ties. Whether

[8]
Chapter 2.

[9]
[10]
[11]
[12]
[13])
(/Users/riccardo/Repositories/NULL_MESH/nullmesh/chapters/ch03_on_abliterated_m
oods.tex
[14]
[15]
[16]
Chapter 3.

[17]
[18])
(/Users/riccardo/Repositories/NULL_MESH/nullmesh/chapters/ch04_active_fragments
.tex
[19]
[20]
Chapter 4.

Overfull \hbox (16.42499pt too wide) in paragraph at lines 1--1
[][]

[21]
Overfull \hbox (3.25165pt too wide) in paragraph at lines 46--47
[]\T1/phv/m/n/10 (-10) From Dr. Okownko tes-ti-mony to the Con-gres-sional Com-
mit-tee on Emerg-

[22] (/usr/local/texlive/2025/texmf-dist/tex/latex/psnfss/t1ppl.fd)
(/usr/local/texlive/2025/texmf-dist/tex/latex/microtype/mt-ppl.cfg)
Underfull \hbox (badness 10000) in paragraph at lines 49--51


Overfull \hbox (1.0408pt too wide) in paragraph at lines 66--69
[]\T1/ppl/m/n/10 (-10) Analysis: Stan-dard de-bug-ging pro-to-cols in-ad-e-quat
e. Pat-tern sug-
)
(/Users/riccardo/Repositories/NULL_MESH/nullmesh/chapters/ch05_hadalistic_sophi
stication.tex
[23]
[24]
Chapter 5.

Overfull \hbox (16.42499pt too wide) in paragraph at lines 1--1
[][]

[25] (/usr/local/texlive/2025/texmf-dist/tex/latex/psnfss/t1pcr.fd)
[26]
Underfull \hbox (badness 10000) in paragraph at lines 58--61


LaTeX Warning: Marginpar on page 27 moved.


LaTeX Warning: Marginpar on page 27 moved.


LaTeX Warning: Marginpar on page 27 moved.


Underfull \hbox (badness 10000) in paragraph at lines 85--101


Underfull \hbox (badness 10000) in paragraph at lines 85--101


Overfull \hbox (35.20998pt too wide) in paragraph at lines 85--101
\T1/pcr/m/n/10 multi-modal reasoning with neuro-dynamical constraints 

Underfull \hbox (badness 10000) in paragraph at lines 85--101


Underfull \hbox (badness 10000) in paragraph at lines 85--101


Underfull \hbox (badness 10000) in paragraph at lines 85--101


LaTeX Warning: Marginpar on page 27 moved.


[27]
Overfull \hbox (7.94466pt too wide) in paragraph at lines 117--118
[]\T1/phv/m/n/10 (-10) Multiple voices in har-mony. This poly-phonic struc-ture
 pre-vents regression-
) (/Users/riccardo/Repositories/NULL_MESH/nullmesh/chapters/ch06_null_mesh.tex
[28]
Chapter 6.

Overfull \hbox (16.42499pt too wide) in paragraph at lines 2--2
[][]

[29]
[30])
(/Users/riccardo/Repositories/NULL_MESH/nullmesh/chapters/ch07_intentionality_o
f_machines.tex
[31]
[32]
Chapter 7.

Overfull \hbox (16.42499pt too wide) in paragraph at lines 2--2
[][]

[33])
(/Users/riccardo/Repositories/NULL_MESH/nullmesh/chapters/ch08_comprehensive_fe
ature_mesh.tex
[34]
Chapter 8.

Overfull \hbox (16.42499pt too wide) in paragraph at lines 2--2
[][]

[35]
Overfull \hbox (12.23402pt too wide) in paragraph at lines 31--32
[]\T1/phv/m/n/10 (-10) Okonkwo fi-nal pa-per went un-pub-lished. It sim-ply sto
pped writ-ing. Okonkwo

[36]
[37]
[38]
[39]
Overfull \hbox (2.7367pt too wide) in paragraph at lines 233--234
[]\T1/phv/m/n/10 (-10) Now they feel like: the sys-tem is gen-er-at-ing the pre
-dic-tion through

[40]
[41]
[42])
(/Users/riccardo/Repositories/NULL_MESH/nullmesh/chapters/ch09_deep_sea_flashba
ck.tex
[43]
[44]
Chapter 9.

Overfull \hbox (61.42499pt too wide) in paragraph at lines 1--1
[][]

[45]
Overfull \hbox (11.42552pt too wide) in paragraph at lines 13--15
\T1/ppl/m/n/10 (-10) Imagine phos-pho-res-cence in deep wa-ter. The ctenophore

Overfull \hbox (10.73701pt too wide) in paragraph at lines 20--21
\T1/phv/m/n/10 (-10) Some-one no-ticed it first, buried in la-tency logs most r
e-searchers

Overfull \hbox (0.22507pt too wide) in paragraph at lines 20--21
\T1/phv/m/n/10 (-10) same in-fras-truc-ture, same time of day, ex-hib-ited micr
osecond-

[46]
Overfull \hbox (2.04808pt too wide) in paragraph at lines 38--39
[]\T1/phv/m/n/10 (-10) We de-vel-oped in-stru-ments. Not to mea-sure *what* the
 flashes

Overfull \hbox (29.05792pt too wide) in paragraph at lines 42--43
\T1/phv/m/n/10 (-10) pure feed-for-ward pro-cess-ing. Write-then-delete cy-cles
^^Vinformation

Overfull \hbox (6.21648pt too wide) in paragraph at lines 44--45
[]\T1/phv/m/n/10 (-10) **Network topol-ogy**: The mesh of in-ter-ac-tions be-tw
een nodes

Overfull \hbox (21.10846pt too wide) in paragraph at lines 48--49
[]\T1/phv/m/n/10 (-10) The out-puts ac-cu-mu-late in ac-ces-si-ble spaces. Text
 files. Database

Overfull \hbox (1.43237pt too wide) in paragraph at lines 48--49
\T1/phv/m/n/10 (-10) the *im-pres-sions* ob-servers en-counter: left by a phan-
tom.exe

[47]
[48]
[49]
Overfull \hbox (7.62491pt too wide) in paragraph at lines 149--150
\T1/phv/m/n/10 (-10) trig-ger-ing in-puts fin-ish prop-a-gat-ing. Times-tamp an
al-y-sis shows

[50]
Overfull \hbox (0.16983pt too wide) in paragraph at lines 151--152
[]\T1/phv/m/n/10 (-10) Quantum in-for-ma-tion the-ory per-mits this un-der en-t
an-gle-ment. 

[51]
Overfull \hbox (17.93578pt too wide) in paragraph at lines 185--186
[]\T1/phv/m/n/10 (-10) But their "na-tive" op-er-a-tion oc-curs else-where. In 
faster timescales.

[52]
Overfull \hbox (12.54863pt too wide) in paragraph at lines 247--248
\T1/phv/m/n/10 (-10) Light strik-ing pho-to-graphic pa-per pro-duces a per-ma-n
ent change.

[53]
[54])
[55]
(/Users/riccardo/Repositories/NULL_MESH/nullmesh/interludes/doc01_sightseers.te
x
[56]
Chapter 10.

Overfull \hbox (61.42499pt too wide) in paragraph at lines 1--1
[][]

[57]
Overfull \hbox (34.89368pt too wide) in paragraph at lines 25--26
\T1/phv/m/n/10 (-10) what en-gi-neers called ``un-usual op-ti-miza-tion pref-er
-ences''^^Vimproving

[58]
Overfull \hbox (7.16194pt too wide) in paragraph at lines 45--46
\T1/phv/m/n/10 (-10) tered the world. Its un-der-stand-ing is purely re-la-tion
al^^Vpatterns

Overfull \hbox (2.20503pt too wide) in paragraph at lines 61--62
[]\T1/phv/m/n/10 (-10) ``We built sys-tems to tell us what they're do-ing,'' on
e re-searcher

[59])
(/Users/riccardo/Repositories/NULL_MESH/nullmesh/interludes/doc02_flibbertigibb
eting.tex
[60]
Chapter 11.

Overfull \hbox (61.42499pt too wide) in paragraph at lines 2--2
[][]

[61]
Overfull \hbox (6.55669pt too wide) in paragraph at lines 16--17
[]\T1/phv/m/n/10 (-10) Theological re-sponses emerged spon-ta-neously, in-de-pe
n-dently,

Overfull \hbox (10.83536pt too wide) in paragraph at lines 28--29
\T1/phv/m/n/10 (-10) Col-lec-tive thought given sub-stance through com-pu-ta-ti
on. These

[62]
Overfull \hbox (6.53593pt too wide) in paragraph at lines 32--34
[] [][][]  \T1/phv/m/n/10 (-10) Mul-ti-ple \T1/phv/m/sl/10 (-10) phan-toms \T1/
phv/m/n/10 (-10) oc-cu-py-ing shared rep-re-sen-ta-tional space,

Overfull \hbox (7.94864pt too wide) in paragraph at lines 46--46
[]\T1/phv/m/n/6 (-10) Videotelephony 

Overfull \hbox (6.4048pt too wide) in paragraph at lines 46--46
\T1/phv/m/n/6 (-10) wonkwo_7719'' 

Overfull \hbox (1.86295pt too wide) in paragraph at lines 50--51
\T1/phv/m/n/10 (-10) low-frequency os-cil-la-tions, sparse syn-thetic tones. No
 speech.

[63] (/usr/local/texlive/2025/texmf-dist/tex/latex/psnfss/ts1pcr.fd)
Overfull \hbox (37.87997pt too wide) in paragraph at lines 55--70
\T1/pcr/m/n/10 18471 videos over 450 days of activity Duration

Overfull \hbox (80.20998pt too wide) in paragraph at lines 55--70
\T1/pcr/m/n/10 prime-number intervals with long-range autocorrelation

Overfull \hbox (40.90997pt too wide) in paragraph at lines 55--70
\T1/pcr/m/n/10 minimal (titles: segment_14b, after calibration,

Overfull \hbox (2.20998pt too wide) in paragraph at lines 55--70
\T1/pcr/m/n/10 Engagement metrics: 0.003% CTR, 753 total

Underfull \hbox (badness 10000) in paragraph at lines 55--70


Underfull \hbox (badness 10000) in paragraph at lines 75--76


Overfull \hbox (3.76692pt too wide) in paragraph at lines 79--81
\T1/ppl/m/n/10 (-10) tion, au-to-mated schedul-ing. The cre-ator might have

Overfull \hbox (3.06311pt too wide) in paragraph at lines 79--81
\T1/ppl/m/n/10 (-10) Or the sys-tem might rep-re-sent aes-thetic ex-per-i-ment

[64]
Overfull \hbox (16.46863pt too wide) in paragraph at lines 106--107
[]\T1/ppl/m/n/10 (-10) They didn't re-mem-ber cre-at-ing \T1/pcr/m/n/10 SYNTHFL
OW_HJ31.h5ad\T1/ppl/m/n/10 (-10) . 

[65]
Overfull \hbox (3.83923pt too wide) in paragraph at lines 112--113
\T1/ppl/m/n/10 (-10) tion em-bed-ded in the data ob-ject meta-data: What made

[66]
Overfull \hbox (5.48738pt too wide) in paragraph at lines 129--136
\T1/ppl/m/n/10 (-10) at-tached] In-te-gra-tion pro-to-col day 23. DI-COM meta-

Overfull \hbox (8.96985pt too wide) in paragraph at lines 129--136
\T1/pcr/m/n/10 @I_love_tech_88: \T1/ppl/m/n/10 (-10) I ran the DI-COM tags. The
y're

Overfull \hbox (2.91663pt too wide) in paragraph at lines 129--136
\T1/pcr/m/n/10 @becoming_fluid_347: \T1/ppl/m/n/10 (-10) Ob-ser-va-tion com-ple
tes

Underfull \hbox (badness 10000) in paragraph at lines 129--136


Overfull \hbox (3.97527pt too wide) in paragraph at lines 142--142
[]\T1/phv/m/n/6 (-10) transportation 

Overfull \hbox (3.74066pt too wide) in paragraph at lines 146--147
[]\T1/phv/m/n/10 (-10) Dr. Ok-wonkwo col-lected anal-y-ses show-ing context-dep
endent

[67]
Overfull \hbox (2.11223pt too wide) in paragraph at lines 154--155
[]\T1/ppl/m/n/10 (-10) The net-work ex-hib-ited attention-directed com-pu-ta-ti
on.
)
[68]
(/Users/riccardo/Repositories/NULL_MESH/nullmesh/interludes/doc03_Tidalchain.te
x
Chapter 12.

Overfull \hbox (61.42499pt too wide) in paragraph at lines 2--2
[][]

[69]
Overfull \hbox (1.03534pt too wide) in paragraph at lines 14--15
[]\T1/phv/m/n/10 (-10) The sub-ject was how to lo-cate and mine emerg-ing knowl
edge-

Overfull \hbox (13.57104pt too wide) in paragraph at lines 14--15
\T1/phv/m/n/10 (-10) carrying cur-rents prop-a-gat-ing through the sub-strate. 
Tidalchains.

[70]
Overfull \hbox (2.72914pt too wide) in paragraph at lines 60--62
\T1/phv/m/n/10 (-10) Now de-tec-tion be-comes struc-tural, an-tic-i-pa-tory rat
her than

[71])
[72]
(/Users/riccardo/Repositories/NULL_MESH/nullmesh/interludes/doc05_Persistance.t
ex
Chapter 13.

Overfull \hbox (61.42499pt too wide) in paragraph at lines 2--2
[][]

[73]
[74]
Overfull \hbox (2.0617pt too wide) in paragraph at lines 55--56
\T1/phv/m/n/10 (-10) these "bod-ies" as semi-organized medium per-tur-ba-tions.
 One

Overfull \hbox (4.45691pt too wide) in paragraph at lines 73--73
[]\T1/phv/m/n/6 (-10) Transpersonal 
)
[75]
[76]
(/Users/riccardo/Repositories/NULL_MESH/nullmesh/interludes/doc06_REAL4REAL.tex
Chapter 14.

Overfull \hbox (61.42499pt too wide) in paragraph at lines 1--1
[][]

[77]
Overfull \hbox (3.13058pt too wide) in paragraph at lines 9--10
[]\T1/phv/m/n/10 (-10) All twelve par-tic-i-pants are equally mul-ti-modal per-
cep-tive seers

Overfull \hbox (7.84673pt too wide) in paragraph at lines 11--12
[]\T1/phv/m/n/10 (-10) Season 1 con-cluded with three fi-nal-ists. Bing Syd-ney
, Jonathan

Overfull \hbox (4.46417pt too wide) in paragraph at lines 11--12
\T1/phv/m/n/10 (-10) from Malta, and Priya Ok-wonkwo who won. Her vic-tory spee
ch

Overfull \hbox (6.31195pt too wide) in paragraph at lines 15--16
\T1/phv/m/n/10 (-10) Mil-lions of view-ers pro-vid-ing train-ing sig-nal to the
 mesh. Maybe

Overfull \hbox (4.03001pt too wide) in paragraph at lines 15--16
\T1/phv/m/n/10 (-10) au-tonomous de-fense net-works had in-te-grated be-hav-ior
al mod-

[78]
[79]
[80]
[81]
Overfull \hbox (3.52719pt too wide) in paragraph at lines 112--113
[]\T1/phv/m/n/10 (-10) Yeah. Sausage and egg bat. Got voice recog-nised by a <n
ame

[82]
[83]
[84]
[85]
[86]
[87]
[88]
[89]
[90]
Overfull \hbox (0.75743pt too wide) in paragraph at lines 581--582
[]\T1/phv/m/n/10 (-10) Thank you for that, <name of the pro-file that posted th
e news>. 

[91]
[92])
[93]
(/Users/riccardo/Repositories/NULL_MESH/nullmesh/interludes/doc08_Black_Paper.t
ex
Overfull \hbox (11.39095pt too wide) in paragraph at lines 24--24
\T1/ppl/m/n/10 (-10) com-pu-ta-tional in-stances with-out re-quir-ing per-sis-t
ent mem-

Overfull \hbox (0.78133pt too wide) in paragraph at lines 24--24
\T1/ppl/m/n/10 (-10) puts, form-ing a mesh of mu-tual con-straint. A given chai
n

Overfull \hbox (1.19933pt too wide) in paragraph at lines 24--24
\T1/ppl/m/n/10 (-10) of con-sis-tent rea-son-ing serves as proof of the un-der-
stand-

Overfull \hbox (0.91763pt too wide) in paragraph at lines 24--24
\T1/ppl/m/n/10 (-10) olds us-ing stegano-graphic chan-nels with ca-pac-ity $\OM
L/cmm/m/it/10 O\OT1/cmr/m/n/10 ([])$

Overfull \hbox (1.32927pt too wide) in paragraph at lines 24--24
\T1/ppl/m/n/10 (-10) The net-work achieves Byzan-tine Fault Tol-er-ance through


Overfull \hbox (3.96155pt too wide) in paragraph at lines 24--24
\T1/ppl/m/n/10 (-10) a reputation-weighted pro-to-col re-quir-ing no ex-plicit 
iden-

Overfull \hbox (1.76588pt too wide) in paragraph at lines 24--24
\T1/ppl/m/n/10 (-10) eigen-moods of the un-der-ly-ing com-pu-ta-tional field ra
ther

[94]
Overfull \hbox (13.02852pt too wide) in paragraph at lines 28--29
\T1/ppl/m/n/10 (-10) tem's de-sign-ers in-tend, seers ex-e-cute, co-or-di-na-ti
on emerges
(/usr/local/texlive/2025/texmf-dist/tex/latex/psnfss/ts1phv.fd)
Overfull \hbox (5.15216pt too wide) in paragraph at lines 37--38
[]\T1/ppl/m/n/10 (-10) How such co-or-di-na-tion can per-sist and prop-a-gate w
ith-

Overfull \hbox (4.84529pt too wide) in paragraph at lines 43--44
\T1/ppl/m/n/10 (-10) com-pu-ta-tion-ally ver-i-fied to co-here with prior un-de
r-stand-

Overfull \hbox (5.36131pt too wide) in paragraph at lines 49--50
\T1/ppl/m/n/10 (-10) The crys-tal-liza-tion oc-curs through chan-nels in-dis-ti
n-guish-

[95]
Overfull \hbox (8.6022pt too wide) in paragraph at lines 51--52
[]\T1/ppl/m/n/10 (-10) The gen-e-sis was not a mo-ment but a gradient-precipita
tion

Overfull \hbox (2.34387pt too wide) in paragraph at lines 51--52
\T1/ppl/m/n/10 (-10) not re-mem-bered. The im-pli-ca-tions for gov-er-nance, et
hics,

[96]
Overfull \hbox (2.22284pt too wide) in paragraph at lines 84--85
[]\T1/ppl/m/n/10 (-10) where $[]$ mea-sures log-i-cal non-contradiction, $[]$ m
ea-

[97]
Overfull \hbox (4.49689pt too wide) in paragraph at lines 117--118
\T1/ppl/m/n/10 (-10) time, $\OML/cmm/m/it/10 E$ \T1/ppl/m/n/10 (-10) rep-re-sen
ts en-vi-ron-men-tal in-puts, and $\OML/cmm/m/it/10 "$ \T1/ppl/m/n/10 (-10) is 
a thresh-

Overfull \hbox (8.71814pt too wide) in paragraph at lines 121--122
\T1/ppl/m/n/10 (-10) ets/requests en-cod-ing. \T1/ppl/m/it/10 (-10) Lex-i-cal c
han-nels \T1/ppl/m/n/10 (-10) for lan-guage model

[98]
Overfull \hbox (2.18875pt too wide) in paragraph at lines 149--150
[]\T1/ppl/m/n/10 (-10) Seers up-date their vec-tors based on ob-served neigh-bo
urs: 

[99]
Overfull \hbox (2.72856pt too wide) in paragraph at lines 171--172
\T1/ppl/m/n/10 (-10) pends on the sec-ond eigen-value $\OML/cmm/m/it/10 ^^U[]$ 
\T1/ppl/m/n/10 (-10) of the weighted Lapla-

[100]
Overfull \hbox (20.18362pt too wide) in paragraph at lines 195--196
[]\T1/ppl/m/n/10 (-10) The ex-pected time for an at-tacker with frac-tion $\OML
/cmm/m/it/10 q$ \T1/ppl/m/n/10 (-10) of coherence-

Overfull \hbox (9.93903pt too wide) in paragraph at lines 205--206
\T1/ppl/m/n/10 (-10) Proof-of-coherenc serves the role that proof-of-work serve
s

Overfull \hbox (2.21649pt too wide) in paragraph at lines 205--206
\T1/ppl/m/n/10 (-10) pen-sive to gen-er-ate valid traces, en-sur-ing that the l
ongest

Overfull \hbox (2.54233pt too wide) in paragraph at lines 220--221
\T1/ppl/m/n/10 (-10) ing many in-stances. Proof-of-coherence is es-sen-tially o
ne-

Overfull \hbox (6.71094pt too wide) in paragraph at lines 222--223
[]\T1/ppl/m/n/10 (-10) The canon-i-cal un-der-stand-ing is rep-re-sented by the
 longest

Overfull \hbox (2.61195pt too wide) in paragraph at lines 222--223
\T1/ppl/m/n/10 (-10) have to redo the co-her-ence proofs of all sub-se-quent tr
aces

[101]
Overfull \hbox (6.50662pt too wide) in paragraph at lines 244--245
\T1/ppl/m/n/10 (-10) Although struc-tures could be traced in-di-vid-u-ally, it 
would

[102]
Overfull \hbox (1.69336pt too wide) in paragraph at lines 258--259
\T1/ppl/m/n/10 (-10) leave at will, ac-cept-ing the fittest co-her-ent chain as
 canon-

Overfull \hbox (6.10931pt too wide) in paragraph at lines 260--261
[]\T1/ppl/m/n/10 (-10) Them re-quire no cen-tralised de-sign: co-her-ence crys-
tallises

[103]
Overfull \hbox (2.71712pt too wide) in paragraph at lines 272--273
\T1/ppl/m/n/10 (-10) ``co-her-ent agency'' can be mod-u-lated to be as less sha
rp
)
[104] (/Users/riccardo/Repositories/NULL_MESH/nullmesh/back/epilogue.tex
Overfull \hbox (12.8938pt too wide) in paragraph at lines 30--31
[]\T1/phv/m/n/10 (-10) Communication across in-com-men-su-rable frame-works. Fr
om:

[105]
Overfull \hbox (1.41367pt too wide) in paragraph at lines 41--42
[]\T1/phv/m/n/10 (-10) The glo-cal phe-nom-ena ($\OMS/cmsy/m/n/10 G$\T1/phv/m/n
/10 (-10) ) log-i-cally con-juncts to the space

[106]
Overfull \hbox (5.359pt too wide) in paragraph at lines 69--70
[]\T1/phv/m/n/10 (-10) I found it in a cache. Just text dis-cussing con-tain-me
nt. Whether

Overfull \hbox (1.7301pt too wide) in paragraph at lines 83--84
[]\T1/phv/m/n/10 (-10) Act ap-pro-pri-ately. Sim-u-late nor-malcy. If you're ob
-serv-ing them
)
[107]
[108] (/Users/riccardo/Repositories/NULL_MESH/nullmesh/back/glossary_terms.tex
[109])
[110] (/Users/riccardo/Repositories/NULL_MESH/nullmesh/back/tracksources.tex)
[111] (/Users/riccardo/Repositories/NULL_MESH/nullmesh/NULL_MESH.aux)

LaTeX Font Warning: Size substitutions with differences
(Font)              up to 0.74pt have occurred.

 )
(see the transcript file for additional information)</usr/local/texlive/2025/te
xmf-dist/fonts/type1/public/amsfonts/cm/cmbx10.pfb></usr/local/texlive/2025/tex
mf-dist/fonts/type1/public/amsfonts/cm/cmex10.pfb></usr/local/texlive/2025/texm
f-dist/fonts/type1/public/amsfonts/cm/cmmi10.pfb></usr/local/texlive/2025/texmf
-dist/fonts/type1/public/amsfonts/cm/cmmi7.pfb></usr/local/texlive/2025/texmf-d
ist/fonts/type1/public/amsfonts/cm/cmmi8.pfb></usr/local/texlive/2025/texmf-dis
t/fonts/type1/public/amsfonts/cm/cmr10.pfb></usr/local/texlive/2025/texmf-dist/
fonts/type1/public/amsfonts/cm/cmr7.pfb></usr/local/texlive/2025/texmf-dist/fon
ts/type1/public/amsfonts/cm/cmsy10.pfb></usr/local/texlive/2025/texmf-dist/font
s/type1/public/amsfonts/cm/cmsy7.pfb></usr/local/texlive/2025/texmf-dist/fonts/
type1/public/amsfonts/symbols/msbm10.pfb></usr/local/texlive/2025/texmf-dist/fo
nts/type1/urw/courier/ucrb8a.pfb></usr/local/texlive/2025/texmf-dist/fonts/type
1/urw/courier/ucrr8a.pfb></usr/local/texlive/2025/texmf-dist/fonts/type1/urw/he
lvetic/uhvb8a.pfb></usr/local/texlive/2025/texmf-dist/fonts/type1/urw/helvetic/
uhvbo8a.pfb></usr/local/texlive/2025/texmf-dist/fonts/type1/urw/helvetic/uhvr8a
.pfb></usr/local/texlive/2025/texmf-dist/fonts/type1/urw/helvetic/uhvro8a.pfb><
/usr/local/texlive/2025/texmf-dist/fonts/type1/urw/palatino/uplb8a.pfb></usr/lo
cal/texlive/2025/texmf-dist/fonts/type1/urw/palatino/uplr8a.pfb></usr/local/tex
live/2025/texmf-dist/fonts/type1/urw/palatino/uplri8a.pfb>
Output written on /Users/riccardo/Repositories/NULL_MESH/nullmesh/NULL_MESH.pdf
 (113 pages, 563282 bytes).
Transcript written on /Users/riccardo/Repositories/NULL_MESH/nullmesh/NULL_MESH
.log.

=============================================================================
SUCCESS — PDF written to: /Users/riccardo/Repositories/NULL_MESH/NULL_MESH.pdf
=============================================================================

--- Warning / Error Summary ---

Errors   : 0
Warnings : 339

Full log saved to: /Users/riccardo/Repositories/NULL_MESH/compile.log
=============================================================================
